TN:
SF:app/layout.tsx
FN:59,RootLayout
FNF:1
FNH:0
FNDA:0,RootLayout
DA:3,0
DA:4,0
DA:5,0
DA:6,0
DA:7,0
DA:10,0
DA:23,0
DA:48,0
DA:59,0
LF:9
LH:0
BRF:0
BRH:0
end_of_record
TN:
SF:app/page.tsx
FN:16,HomePage
FN:23,(anonymous_2)
FNF:2
FNH:1
FNDA:6,HomePage
FNDA:0,(anonymous_2)
DA:4,2
DA:5,2
DA:6,2
DA:7,2
DA:8,2
DA:9,2
DA:10,2
DA:11,2
DA:13,2
DA:14,2
DA:16,1
DA:17,6
DA:18,6
DA:19,6
DA:20,6
DA:21,6
DA:23,6
DA:24,0
DA:25,0
DA:27,0
DA:28,0
DA:30,0
DA:31,0
DA:32,0
DA:35,0
DA:37,0
DA:38,0
DA:40,0
LF:28
LH:17
BRDA:27,0,0,0
BRDA:27,0,1,0
BRDA:28,1,0,0
BRDA:28,1,1,0
BRDA:30,2,0,0
BRDA:30,3,0,0
BRDA:30,3,1,0
BRDA:37,4,0,0
BRDA:37,4,1,0
BRDA:83,5,0,6
BRDA:131,6,0,0
BRF:11
BRH:1
end_of_record
TN:
SF:app/api-docs/page.tsx
FN:15,ApiDocsPage
FN:19,(anonymous_2)
FN:31,(anonymous_3)
FN:118,(anonymous_4)
FN:141,(anonymous_5)
FN:180,(anonymous_6)
FN:187,(anonymous_7)
FN:202,(anonymous_8)
FN:212,(anonymous_9)
FNF:9
FNH:0
FNDA:0,ApiDocsPage
FNDA:0,(anonymous_2)
FNDA:0,(anonymous_3)
FNDA:0,(anonymous_4)
FNDA:0,(anonymous_5)
FNDA:0,(anonymous_6)
FNDA:0,(anonymous_7)
FNDA:0,(anonymous_8)
FNDA:0,(anonymous_9)
DA:5,1
DA:6,1
DA:7,1
DA:8,1
DA:9,1
DA:10,1
DA:11,1
DA:12,1
DA:13,1
DA:15,0
DA:16,0
DA:17,0
DA:19,0
DA:20,0
DA:21,0
DA:22,0
DA:25,0
DA:26,0
DA:27,0
DA:28,0
DA:31,0
DA:32,0
DA:33,0
DA:119,0
DA:142,0
DA:180,0
DA:188,0
DA:202,0
DA:212,0
LF:29
LH:9
BRDA:20,0,0,0
BRDA:121,1,0,0
BRDA:121,1,1,0
BRDA:145,2,0,0
BRDA:145,2,1,0
BRDA:194,3,0,0
BRDA:194,3,1,0
BRDA:194,4,0,0
BRDA:194,4,1,0
BRDA:233,5,0,0
BRF:10
BRH:0
end_of_record
TN:
SF:app/api/5g/signaling/route.ts
FN:17,POST
FN:52,handleCreateRoom
FN:65,handleJoinRoom
FN:85,handleLeaveRoom
FN:97,handleIceCandidate
FN:109,handleAnswer
FNF:6
FNH:0
FNDA:0,POST
FNDA:0,handleCreateRoom
FNDA:0,handleJoinRoom
FNDA:0,handleLeaveRoom
FNDA:0,handleIceCandidate
FNDA:0,handleAnswer
DA:1,0
DA:3,0
DA:17,0
DA:18,0
DA:19,0
DA:21,0
DA:24,0
DA:26,0
DA:29,0
DA:32,0
DA:35,0
DA:38,0
DA:41,0
DA:44,0
DA:45,0
DA:54,0
DA:56,0
DA:71,0
DA:73,0
DA:87,0
DA:89,0
DA:99,0
DA:101,0
DA:111,0
DA:113,0
LF:25
LH:0
BRDA:24,0,0,0
BRDA:24,0,1,0
BRDA:24,0,2,0
BRDA:24,0,3,0
BRDA:24,0,4,0
BRDA:24,0,5,0
BRF:6
BRH:0
end_of_record
TN:
SF:app/api/ai-ops/comm/collaboration/route.ts
FN:6,POST
FNF:1
FNH:0
FNDA:0,POST
DA:1,0
DA:2,0
DA:4,0
DA:6,0
DA:7,0
DA:8,0
DA:9,0
DA:11,0
DA:12,0
DA:15,0
DA:17,0
DA:19,0
DA:20,0
LF:13
LH:0
BRDA:11,0,0,0
BRDA:11,1,0,0
BRDA:11,1,1,0
BRF:3
BRH:0
end_of_record
TN:
SF:app/api/ai-ops/comm/groups/route.ts
FN:6,POST
FNF:1
FNH:0
FNDA:0,POST
DA:1,0
DA:2,0
DA:4,0
DA:6,0
DA:7,0
DA:8,0
DA:9,0
DA:11,0
DA:12,0
DA:15,0
DA:17,0
DA:19,0
DA:20,0
LF:13
LH:0
BRDA:11,0,0,0
BRDA:11,1,0,0
BRDA:11,1,1,0
BRDA:11,1,2,0
BRDA:11,1,3,0
BRF:5
BRH:0
end_of_record
TN:
SF:app/api/ai-ops/comm/messages/route.ts
FN:6,POST
FN:24,GET
FNF:2
FNH:0
FNDA:0,POST
FNDA:0,GET
DA:1,0
DA:2,0
DA:4,0
DA:6,0
DA:7,0
DA:8,0
DA:9,0
DA:11,0
DA:12,0
DA:15,0
DA:17,0
DA:19,0
DA:20,0
DA:24,0
DA:25,0
DA:26,0
DA:27,0
DA:28,0
DA:30,0
DA:31,0
DA:34,0
DA:36,0
DA:38,0
DA:39,0
LF:24
LH:0
BRDA:11,0,0,0
BRDA:11,1,0,0
BRDA:11,1,1,0
BRDA:11,1,2,0
BRDA:28,2,0,0
BRDA:28,2,1,0
BRDA:30,3,0,0
BRF:7
BRH:0
end_of_record
TN:
SF:app/api/ai-ops/comm/notifications/route.ts
FN:6,POST
FN:24,GET
FNF:2
FNH:0
FNDA:0,POST
FNDA:0,GET
DA:1,0
DA:2,0
DA:4,0
DA:6,0
DA:7,0
DA:8,0
DA:9,0
DA:11,0
DA:12,0
DA:15,0
DA:17,0
DA:19,0
DA:20,0
DA:24,0
DA:25,0
DA:26,0
DA:27,0
DA:28,0
DA:30,0
DA:31,0
DA:34,0
DA:36,0
DA:38,0
DA:39,0
LF:24
LH:0
BRDA:11,0,0,0
BRDA:11,1,0,0
BRDA:11,1,1,0
BRDA:28,2,0,0
BRDA:28,2,1,0
BRDA:30,3,0,0
BRF:6
BRH:0
end_of_record
TN:
SF:app/api/ai-ops/comm/organization/route.ts
FN:6,GET
FNF:1
FNH:0
FNDA:0,GET
DA:1,0
DA:2,0
DA:4,0
DA:6,0
DA:7,0
DA:8,0
DA:10,0
DA:12,0
DA:13,0
LF:9
LH:0
BRF:0
BRH:0
end_of_record
TN:
SF:app/api/ai-ops/compliance/check/route.ts
FN:6,POST
FNF:1
FNH:0
FNDA:0,POST
DA:1,0
DA:2,0
DA:4,0
DA:6,0
DA:7,0
DA:8,0
DA:9,0
DA:11,0
DA:13,0
DA:18,0
LF:10
LH:0
BRF:0
BRH:0
end_of_record
TN:
SF:app/api/ai-ops/compliance/log/route.ts
FN:6,POST
FN:28,GET
FNF:2
FNH:0
FNDA:0,POST
FNDA:0,GET
DA:1,0
DA:2,0
DA:4,0
DA:6,0
DA:7,0
DA:8,0
DA:9,0
DA:11,0
DA:13,0
DA:18,0
DA:28,0
DA:29,0
DA:33,0
DA:35,0
DA:40,0
LF:15
LH:0
BRF:0
BRH:0
end_of_record
TN:
SF:app/api/ai-ops/compliance/report/route.ts
FN:6,POST
FNF:1
FNH:0
FNDA:0,POST
DA:1,0
DA:2,0
DA:4,0
DA:6,0
DA:7,0
DA:8,0
DA:9,0
DA:11,0
DA:19,0
DA:24,0
LF:10
LH:0
BRF:0
BRH:0
end_of_record
TN:
SF:app/api/ai-ops/compliance/risk/route.ts
FN:6,POST
FNF:1
FNH:0
FNDA:0,POST
DA:1,0
DA:2,0
DA:4,0
DA:6,0
DA:7,0
DA:8,0
DA:9,0
DA:11,0
DA:13,0
DA:18,0
LF:10
LH:0
BRDA:11,0,0,0
BRDA:11,0,1,0
BRF:2
BRH:0
end_of_record
TN:
SF:app/api/ai-ops/compliance/security-score/route.ts
FN:6,GET
FNF:1
FNH:0
FNDA:0,GET
DA:1,0
DA:2,0
DA:4,0
DA:6,0
DA:7,0
DA:8,0
DA:10,0
DA:15,0
LF:8
LH:0
BRF:0
BRH:0
end_of_record
TN:
SF:app/api/ai-ops/customer/campaign/route.ts
FN:6,POST
FNF:1
FNH:0
FNDA:0,POST
DA:1,0
DA:2,0
DA:4,0
DA:6,0
DA:7,0
DA:8,0
DA:10,0
DA:11,0
DA:21,0
DA:23,0
DA:28,0
DA:29,0
LF:12
LH:0
BRDA:10,0,0,0
BRF:1
BRH:0
end_of_record
TN:
SF:app/api/ai-ops/customer/performance/route.ts
FN:6,GET
FNF:1
FNH:0
FNDA:0,GET
DA:1,2
DA:2,0
DA:4,0
DA:6,0
DA:7,0
DA:8,0
DA:9,0
DA:11,0
DA:12,0
DA:22,0
DA:24,0
DA:29,0
DA:30,0
LF:13
LH:1
BRDA:11,0,0,0
BRF:1
BRH:0
end_of_record
TN:
SF:app/api/ai-ops/customer/segment/route.ts
FN:7,GET
FNF:1
FNH:0
FNDA:0,GET
DA:1,0
DA:2,0
DA:3,0
DA:5,0
DA:7,0
DA:8,0
DA:10,0
DA:13,0
DA:15,0
DA:20,0
DA:21,0
LF:11
LH:0
BRF:0
BRH:0
end_of_record
TN:
SF:app/api/ai-ops/customer/tags/route.ts
FN:7,POST
FNF:1
FNH:0
FNDA:0,POST
DA:1,0
DA:2,0
DA:3,0
DA:5,0
DA:7,0
DA:8,0
DA:9,0
DA:11,0
DA:12,0
DA:22,0
DA:23,0
DA:24,0
DA:34,0
DA:50,0
DA:51,0
DA:60,0
DA:67,0
DA:69,0
DA:74,0
DA:75,0
LF:20
LH:0
BRDA:11,0,0,0
BRDA:23,1,0,0
BRDA:50,2,0,0
BRDA:62,3,0,0
BRDA:62,3,1,0
BRDA:63,4,0,0
BRDA:63,4,1,0
BRF:7
BRH:0
end_of_record
TN:
SF:app/api/ai-ops/customer/upgrade/evaluate/route.ts
FN:7,POST
FNF:1
FNH:0
FNDA:0,POST
DA:1,0
DA:2,0
DA:3,0
DA:5,0
DA:7,0
DA:8,0
DA:9,0
DA:11,0
DA:12,0
DA:22,0
DA:23,0
DA:24,0
DA:34,0
DA:36,0
DA:41,0
DA:42,0
LF:16
LH:0
BRDA:11,0,0,0
BRDA:23,1,0,0
BRF:2
BRH:0
end_of_record
TN:
SF:app/api/ai-ops/customer/upgrade/execute/route.ts
FN:7,POST
FNF:1
FNH:0
FNDA:0,POST
DA:1,0
DA:2,0
DA:3,0
DA:5,0
DA:7,0
DA:8,0
DA:9,0
DA:11,0
DA:12,0
DA:22,0
DA:23,0
DA:24,0
DA:34,0
DA:37,0
DA:39,0
DA:44,0
DA:45,0
LF:17
LH:0
BRDA:11,0,0,0
BRDA:23,1,0,0
BRF:2
BRH:0
end_of_record
TN:
SF:app/api/ai-ops/executive/kpis/route.ts
FN:6,POST
FNF:1
FNH:0
FNDA:0,POST
DA:1,0
DA:2,0
DA:4,0
DA:6,0
DA:7,0
DA:8,0
DA:9,0
DA:11,0
DA:12,0
DA:15,0
DA:18,0
DA:21,0
DA:29,0
DA:31,0
DA:33,0
DA:38,0
DA:39,0
LF:17
LH:0
BRDA:11,0,0,0
BRDA:11,1,0,0
BRDA:11,1,1,0
BRDA:15,2,0,0
BRDA:15,2,1,0
BRDA:18,3,0,0
BRDA:18,3,1,0
BRDA:29,4,0,0
BRDA:29,4,1,0
BRF:9
BRH:0
end_of_record
TN:
SF:app/api/ai-ops/executive/recommendations/route.ts
FN:6,POST
FNF:1
FNH:0
FNDA:0,POST
DA:1,4
DA:2,0
DA:4,0
DA:6,0
DA:7,0
DA:8,0
DA:9,0
DA:11,0
DA:12,0
DA:15,0
DA:18,0
DA:21,0
DA:28,0
DA:30,0
DA:36,0
DA:41,0
DA:42,0
LF:17
LH:1
BRDA:11,0,0,0
BRDA:11,1,0,0
BRDA:11,1,1,0
BRDA:15,2,0,0
BRDA:15,2,1,0
BRDA:18,3,0,0
BRDA:18,3,1,0
BRDA:28,4,0,0
BRDA:28,4,1,0
BRF:9
BRH:0
end_of_record
TN:
SF:app/api/ai-ops/executive/risks/route.ts
FN:6,POST
FNF:1
FNH:0
FNDA:0,POST
DA:1,0
DA:2,0
DA:4,0
DA:6,0
DA:7,0
DA:8,0
DA:9,0
DA:11,0
DA:12,0
DA:15,0
DA:18,0
DA:21,0
DA:28,0
DA:30,0
DA:32,0
DA:37,0
DA:38,0
LF:17
LH:0
BRDA:11,0,0,0
BRDA:11,1,0,0
BRDA:11,1,1,0
BRDA:15,2,0,0
BRDA:15,2,1,0
BRDA:18,3,0,0
BRDA:18,3,1,0
BRDA:28,4,0,0
BRDA:28,4,1,0
BRF:9
BRH:0
end_of_record
TN:
SF:app/api/ai-ops/executive/simulation/route.ts
FN:6,POST
FNF:1
FNH:0
FNDA:0,POST
DA:1,0
DA:2,0
DA:4,0
DA:6,0
DA:7,0
DA:8,0
DA:9,0
DA:11,0
DA:12,0
DA:15,0
DA:16,0
DA:19,0
DA:24,0
DA:26,0
DA:28,0
DA:33,0
DA:34,0
LF:17
LH:0
BRDA:11,0,0,0
BRDA:11,1,0,0
BRDA:11,1,1,0
BRDA:15,2,0,0
BRDA:15,3,0,0
BRDA:15,3,1,0
BRDA:24,4,0,0
BRDA:24,4,1,0
BRF:8
BRH:0
end_of_record
TN:
SF:app/api/ai-ops/executive/strategic-view/route.ts
FN:6,POST
FNF:1
FNH:0
FNDA:0,POST
DA:1,0
DA:2,0
DA:4,0
DA:6,0
DA:7,0
DA:8,0
DA:9,0
DA:11,0
DA:12,0
DA:15,0
DA:18,0
DA:20,0
DA:25,0
DA:30,0
DA:31,0
LF:15
LH:0
BRDA:11,0,0,0
BRDA:11,1,0,0
BRDA:11,1,1,0
BRDA:15,2,0,0
BRDA:15,2,1,0
BRDA:18,3,0,0
BRDA:18,3,1,0
BRF:7
BRH:0
end_of_record
TN:
SF:app/api/ai-ops/feedback/collect/route.ts
FN:4,POST
FNF:1
FNH:0
FNDA:0,POST
DA:1,0
DA:2,0
DA:4,0
DA:5,0
DA:6,0
DA:7,0
DA:9,0
DA:10,0
DA:13,0
DA:22,0
DA:27,0
DA:28,0
LF:12
LH:0
BRDA:9,0,0,0
BRDA:9,1,0,0
BRDA:9,1,1,0
BRDA:9,1,2,0
BRDA:19,2,0,0
BRDA:19,2,1,0
BRF:6
BRH:0
end_of_record
TN:
SF:app/api/ai-ops/feedback/insights/route.ts
FN:4,POST
FNF:1
FNH:0
FNDA:0,POST
DA:1,0
DA:2,0
DA:4,0
DA:5,0
DA:6,0
DA:7,0
DA:9,0
DA:10,0
DA:13,0
DA:18,0
DA:23,0
DA:24,0
LF:12
LH:0
BRDA:9,0,0,0
BRDA:9,1,0,0
BRDA:9,1,1,0
BRF:3
BRH:0
end_of_record
TN:
SF:app/api/ai-ops/hr/attrition/route.ts
FN:4,POST
FNF:1
FNH:0
FNDA:0,POST
DA:1,0
DA:2,0
DA:4,0
DA:5,0
DA:6,0
DA:8,0
DA:9,0
DA:12,0
DA:14,0
DA:19,0
DA:20,0
LF:11
LH:0
BRDA:8,0,0,0
BRDA:8,1,0,0
BRDA:8,1,1,0
BRDA:20,2,0,0
BRDA:20,2,1,0
BRF:5
BRH:0
end_of_record
TN:
SF:app/api/ai-ops/hr/career/route.ts
FN:4,POST
FNF:1
FNH:0
FNDA:0,POST
DA:1,0
DA:2,0
DA:4,0
DA:5,0
DA:6,0
DA:8,0
DA:9,0
DA:12,0
DA:14,0
DA:19,0
DA:20,0
LF:11
LH:0
BRDA:8,0,0,0
BRDA:8,1,0,0
BRDA:8,1,1,0
BRDA:20,2,0,0
BRDA:20,2,1,0
BRF:5
BRH:0
end_of_record
TN:
SF:app/api/ai-ops/hr/incentive/route.ts
FN:4,POST
FNF:1
FNH:0
FNDA:0,POST
DA:1,0
DA:2,0
DA:4,0
DA:5,0
DA:6,0
DA:8,0
DA:9,0
DA:12,0
DA:14,0
DA:19,0
DA:20,0
LF:11
LH:0
BRDA:8,0,0,0
BRDA:8,1,0,0
BRDA:8,1,1,0
BRDA:20,2,0,0
BRDA:20,2,1,0
BRF:5
BRH:0
end_of_record
TN:
SF:app/api/ai-ops/hr/performance/route.ts
FN:4,POST
FNF:1
FNH:0
FNDA:0,POST
DA:1,0
DA:2,0
DA:4,0
DA:5,0
DA:6,0
DA:8,0
DA:9,0
DA:12,0
DA:14,0
DA:19,0
DA:20,0
LF:11
LH:0
BRDA:8,0,0,0
BRDA:8,1,0,0
BRDA:8,1,1,0
BRDA:8,1,2,0
BRDA:20,2,0,0
BRDA:20,2,1,0
BRF:6
BRH:0
end_of_record
TN:
SF:app/api/ai-ops/hr/profile/route.ts
FN:4,POST
FN:24,GET
FNF:2
FNH:0
FNDA:0,POST
FNDA:0,GET
DA:1,0
DA:2,0
DA:4,0
DA:5,0
DA:6,0
DA:8,0
DA:9,0
DA:12,0
DA:14,0
DA:19,0
DA:20,0
DA:24,0
DA:25,0
DA:26,0
DA:27,0
DA:29,0
DA:30,0
DA:34,0
DA:36,0
DA:41,0
DA:42,0
LF:21
LH:0
BRDA:8,0,0,0
BRDA:8,1,0,0
BRDA:8,1,1,0
BRDA:20,2,0,0
BRDA:20,2,1,0
BRDA:29,3,0,0
BRDA:42,4,0,0
BRDA:42,4,1,0
BRF:8
BRH:0
end_of_record
TN:
SF:app/api/ai-ops/hr/promotion/route.ts
FN:4,POST
FNF:1
FNH:0
FNDA:0,POST
DA:1,0
DA:2,0
DA:4,0
DA:5,0
DA:6,0
DA:8,0
DA:9,0
DA:12,0
DA:14,0
DA:19,0
DA:20,0
LF:11
LH:0
BRDA:8,0,0,0
BRDA:20,1,0,0
BRDA:20,1,1,0
BRF:3
BRH:0
end_of_record
TN:
SF:app/api/ai-ops/hr/skills/route.ts
FN:4,POST
FNF:1
FNH:0
FNDA:0,POST
DA:1,0
DA:2,0
DA:4,0
DA:5,0
DA:6,0
DA:8,0
DA:9,0
DA:12,0
DA:14,0
DA:19,0
DA:20,0
LF:11
LH:0
BRDA:8,0,0,0
BRDA:8,1,0,0
BRDA:8,1,1,0
BRDA:20,2,0,0
BRDA:20,2,1,0
BRF:5
BRH:0
end_of_record
TN:
SF:app/api/ai-ops/ops/anomalies/route.ts
FN:6,POST
FN:27,(anonymous_4)
FN:28,(anonymous_5)
FNF:3
FNH:0
FNDA:0,POST
FNDA:0,(anonymous_4)
FNDA:0,(anonymous_5)
DA:1,0
DA:2,0
DA:4,0
DA:6,0
DA:7,0
DA:8,0
DA:10,0
DA:11,0
DA:20,0
DA:22,0
DA:27,0
DA:28,0
DA:32,0
DA:33,0
LF:14
LH:0
BRDA:10,0,0,0
BRDA:10,1,0,0
BRDA:10,1,1,0
BRDA:36,2,0,0
BRDA:36,2,1,0
BRF:5
BRH:0
end_of_record
TN:
SF:app/api/ai-ops/ops/incentive/route.ts
FN:6,POST
FNF:1
FNH:0
FNDA:0,POST
DA:1,0
DA:2,0
DA:4,0
DA:6,0
DA:7,0
DA:8,0
DA:10,0
DA:11,0
DA:20,0
DA:22,0
DA:27,0
DA:28,0
LF:12
LH:0
BRDA:10,0,0,0
BRDA:10,1,0,0
BRDA:10,1,1,0
BRDA:31,2,0,0
BRDA:31,2,1,0
BRF:5
BRH:0
end_of_record
TN:
SF:app/api/ai-ops/ops/optimization/route.ts
FN:6,POST
FNF:1
FNH:0
FNDA:0,POST
DA:1,6
DA:2,0
DA:4,0
DA:6,0
DA:7,0
DA:8,0
DA:10,0
DA:11,0
DA:20,0
DA:22,0
DA:27,0
DA:28,0
LF:12
LH:1
BRDA:10,0,0,0
BRDA:10,1,0,0
BRDA:10,1,1,0
BRDA:31,2,0,0
BRDA:31,2,1,0
BRF:5
BRH:0
end_of_record
TN:
SF:app/api/ai-ops/ops/performance/route.ts
FN:6,POST
FNF:1
FNH:0
FNDA:0,POST
DA:1,0
DA:2,0
DA:4,0
DA:6,0
DA:7,0
DA:8,0
DA:10,0
DA:11,0
DA:20,0
DA:25,0
DA:30,0
DA:31,0
LF:12
LH:0
BRDA:10,0,0,0
BRDA:10,1,0,0
BRDA:10,1,1,0
BRDA:10,1,2,0
BRDA:34,2,0,0
BRDA:34,2,1,0
BRF:6
BRH:0
end_of_record
TN:
SF:app/api/ai-ops/ops/tasks/[taskId]/route.ts
FN:6,GET
FNF:1
FNH:0
FNDA:0,GET
DA:1,0
DA:2,0
DA:4,0
DA:6,0
DA:7,0
DA:8,0
DA:9,0
DA:11,0
DA:16,0
DA:17,0
LF:10
LH:0
BRDA:20,0,0,0
BRDA:20,0,1,0
BRF:2
BRH:0
end_of_record
TN:
SF:app/api/ai-ops/outreach/call/route.ts
FN:6,POST
FNF:1
FNH:0
FNDA:0,POST
DA:1,1
DA:2,0
DA:4,0
DA:6,0
DA:7,0
DA:8,0
DA:10,0
DA:19,0
DA:21,0
DA:26,0
DA:27,0
LF:11
LH:1
BRDA:11,0,0,0
BRDA:11,0,1,0
BRF:2
BRH:0
end_of_record
TN:
SF:app/api/ai-ops/outreach/feedback/route.ts
FN:6,POST
FNF:1
FNH:0
FNDA:0,POST
DA:1,0
DA:2,0
DA:4,0
DA:6,0
DA:7,0
DA:8,0
DA:10,0
DA:16,0
DA:21,0
DA:22,0
LF:10
LH:0
BRF:0
BRH:0
end_of_record
TN:
SF:app/api/ai-ops/outreach/follow-up/route.ts
FN:7,POST
FN:38,GET
FNF:2
FNH:0
FNDA:0,POST
FNDA:0,GET
DA:1,0
DA:2,0
DA:3,0
DA:5,0
DA:7,0
DA:8,0
DA:9,0
DA:12,0
DA:13,0
DA:15,0
DA:16,0
DA:20,0
DA:28,0
DA:33,0
DA:34,0
DA:38,0
DA:39,0
DA:41,0
DA:43,0
DA:49,0
DA:50,0
LF:21
LH:0
BRDA:15,0,0,0
BRF:1
BRH:0
end_of_record
TN:
SF:app/api/ai-ops/outreach/history/route.ts
FN:6,GET
FNF:1
FNH:0
FNDA:0,GET
DA:1,0
DA:2,0
DA:4,0
DA:6,0
DA:7,0
DA:8,0
DA:9,0
DA:10,0
DA:12,0
DA:13,0
DA:16,0
DA:18,0
DA:24,0
DA:25,0
LF:14
LH:0
BRDA:10,0,0,0
BRDA:10,0,1,0
BRDA:12,1,0,0
BRF:3
BRH:0
end_of_record
TN:
SF:app/api/ai-ops/outreach/invitation/route.ts
FN:7,POST
FNF:1
FNH:0
FNDA:0,POST
DA:1,0
DA:2,0
DA:3,0
DA:5,0
DA:7,0
DA:8,0
DA:9,0
DA:12,0
DA:13,0
DA:15,0
DA:16,0
DA:20,0
DA:21,0
DA:23,0
DA:24,0
DA:28,0
DA:31,0
DA:33,0
DA:38,0
DA:39,0
LF:20
LH:0
BRDA:15,0,0,0
BRDA:23,1,0,0
BRF:2
BRH:0
end_of_record
TN:
SF:app/api/ai-ops/outreach/sms/route.ts
FN:6,POST
FN:14,(anonymous_4)
FNF:2
FNH:0
FNDA:0,POST
FNDA:0,(anonymous_4)
DA:1,0
DA:2,0
DA:4,0
DA:6,0
DA:7,0
DA:8,0
DA:10,0
DA:12,0
DA:14,0
DA:15,0
DA:17,0
DA:28,0
DA:30,0
DA:36,0
DA:37,0
LF:15
LH:0
BRDA:10,0,0,0
BRDA:10,0,1,0
BRDA:10,1,0,0
BRDA:10,1,1,0
BRF:4
BRH:0
end_of_record
TN:
SF:app/api/ai-ops/profit/compare/route.ts
FN:4,POST
FNF:1
FNH:0
FNDA:0,POST
DA:1,0
DA:2,0
DA:4,0
DA:5,0
DA:6,0
DA:8,0
DA:9,0
DA:12,0
DA:13,0
DA:16,0
DA:21,0
DA:23,0
DA:24,0
DA:28,0
LF:14
LH:0
BRDA:8,0,0,0
BRDA:8,1,0,0
BRDA:8,1,1,0
BRDA:8,1,2,0
BRDA:12,2,0,0
BRDA:12,3,0,0
BRDA:12,3,1,0
BRF:7
BRH:0
end_of_record
TN:
SF:app/api/ai-ops/profit/costs/route.ts
FN:4,POST
FNF:1
FNH:0
FNDA:0,POST
DA:1,0
DA:2,0
DA:4,0
DA:5,0
DA:6,0
DA:8,0
DA:9,0
DA:12,0
DA:17,0
DA:19,0
DA:20,0
DA:24,0
LF:12
LH:0
BRDA:8,0,0,0
BRDA:8,1,0,0
BRDA:8,1,1,0
BRDA:8,1,2,0
BRF:4
BRH:0
end_of_record
TN:
SF:app/api/ai-ops/profit/forecast/route.ts
FN:4,POST
FNF:1
FNH:0
FNDA:0,POST
DA:1,0
DA:2,0
DA:4,0
DA:5,0
DA:6,0
DA:8,0
DA:9,0
DA:13,0
DA:16,0
DA:22,0
DA:24,0
DA:30,0
DA:31,0
DA:35,0
LF:14
LH:0
BRDA:8,0,0,0
BRDA:22,1,0,0
BRDA:22,1,1,0
BRDA:27,2,0,0
BRDA:27,2,1,0
BRF:5
BRH:0
end_of_record
TN:
SF:app/api/ai-ops/profit/report/route.ts
FN:4,POST
FNF:1
FNH:0
FNDA:0,POST
DA:1,0
DA:2,0
DA:4,0
DA:5,0
DA:6,0
DA:8,0
DA:9,0
DA:12,0
DA:17,0
DA:22,0
DA:24,0
DA:31,0
DA:32,0
DA:36,0
LF:14
LH:0
BRDA:8,0,0,0
BRDA:8,1,0,0
BRDA:8,1,1,0
BRDA:8,1,2,0
BRF:4
BRH:0
end_of_record
TN:
SF:app/api/ai-ops/profit/revenue/route.ts
FN:4,POST
FNF:1
FNH:0
FNDA:0,POST
DA:1,0
DA:2,0
DA:4,0
DA:5,0
DA:6,0
DA:8,0
DA:9,0
DA:12,0
DA:17,0
DA:19,0
DA:20,0
DA:24,0
LF:12
LH:0
BRDA:8,0,0,0
BRDA:8,1,0,0
BRDA:8,1,1,0
BRDA:8,1,2,0
BRF:4
BRH:0
end_of_record
TN:
SF:app/api/auth/route.ts
FN:13,createResponse
FN:25,POST
FN:65,GET
FN:91,DELETE
FN:109,OPTIONS
FNF:5
FNH:0
FNDA:0,createResponse
FNDA:0,POST
FNDA:0,GET
FNDA:0,DELETE
FNDA:0,OPTIONS
DA:1,0
DA:2,0
DA:10,0
DA:14,0
DA:17,0
DA:18,0
DA:19,0
DA:21,0
DA:25,0
DA:26,0
DA:28,0
DA:29,0
DA:32,0
DA:33,0
DA:40,0
DA:42,0
DA:43,0
DA:50,0
DA:56,0
DA:57,0
DA:65,0
DA:66,0
DA:70,0
DA:77,0
DA:82,0
DA:83,0
DA:91,0
DA:92,0
DA:95,0
DA:100,0
DA:101,0
DA:109,0
DA:110,0
LF:33
LH:0
BRDA:13,0,0,0
BRDA:32,1,0,0
BRDA:32,2,0,0
BRDA:32,2,1,0
BRDA:42,3,0,0
BRDA:44,4,0,0
BRDA:44,4,1,0
BRF:7
BRH:0
end_of_record
TN:
SF:app/api/auth/login/route.ts
FN:38,(anonymous_4)
FN:55,handleOPTIONS
FN:72,OPTIONS
FN:76,POST
FN:98,(anonymous_8)
FNF:5
FNH:0
FNDA:0,(anonymous_4)
FNDA:0,handleOPTIONS
FNDA:0,OPTIONS
FNDA:0,POST
FNDA:0,(anonymous_8)
DA:1,0
DA:3,0
DA:6,0
DA:38,0
DA:40,0
DA:45,0
DA:49,0
DA:56,0
DA:58,0
DA:72,0
DA:73,0
DA:76,0
DA:77,0
DA:79,0
DA:81,0
DA:83,0
DA:84,0
DA:97,0
DA:98,0
DA:101,0
DA:102,0
DA:115,0
DA:117,0
DA:133,0
DA:134,0
LF:25
LH:0
BRDA:56,0,0,0
BRDA:56,0,1,0
BRDA:79,1,0,0
BRDA:79,1,1,0
BRDA:83,2,0,0
BRDA:83,3,0,0
BRDA:83,3,1,0
BRDA:98,4,0,0
BRDA:98,4,1,0
BRDA:101,5,0,0
BRF:10
BRH:0
end_of_record
TN:
SF:app/api/bigdata/behavior/funnel/route.ts
FN:6,POST
FNF:1
FNH:0
FNDA:0,POST
DA:1,0
DA:2,0
DA:4,0
DA:6,0
DA:7,0
DA:8,0
DA:10,0
DA:11,0
DA:15,0
DA:17,0
DA:22,0
DA:23,0
LF:12
LH:0
BRDA:10,0,0,0
BRDA:10,1,0,0
BRDA:10,1,1,0
BRF:3
BRH:0
end_of_record
TN:
SF:app/api/bigdata/behavior/path/route.ts
FN:6,POST
FNF:1
FNH:0
FNDA:0,POST
DA:1,0
DA:2,0
DA:4,0
DA:6,0
DA:7,0
DA:8,0
DA:10,0
DA:11,0
DA:15,0
DA:17,0
DA:22,0
DA:23,0
LF:12
LH:0
BRDA:10,0,0,0
BRF:1
BRH:0
end_of_record
TN:
SF:app/api/bigdata/behavior/profile/route.ts
FN:6,POST
FNF:1
FNH:0
FNDA:0,POST
DA:1,0
DA:2,0
DA:4,0
DA:6,0
DA:7,0
DA:8,0
DA:10,0
DA:11,0
DA:15,0
DA:17,0
DA:22,0
DA:23,0
LF:12
LH:0
BRDA:10,0,0,0
BRDA:10,1,0,0
BRDA:10,1,1,0
BRF:3
BRH:0
end_of_record
TN:
SF:app/api/bigdata/behavior/retention/route.ts
FN:6,POST
FNF:1
FNH:0
FNDA:0,POST
DA:1,0
DA:2,0
DA:4,0
DA:6,0
DA:7,0
DA:8,0
DA:10,0
DA:11,0
DA:15,0
DA:17,0
DA:22,0
DA:23,0
LF:12
LH:0
BRDA:10,0,0,0
BRDA:10,1,0,0
BRDA:10,1,1,0
BRF:3
BRH:0
end_of_record
TN:
SF:app/api/bigdata/bi/attribution/route.ts
FN:6,POST
FNF:1
FNH:0
FNDA:0,POST
DA:1,0
DA:2,0
DA:4,0
DA:6,0
DA:7,0
DA:8,0
DA:9,0
DA:11,0
DA:13,0
DA:18,0
DA:19,0
LF:11
LH:0
BRDA:22,0,0,0
BRDA:22,0,1,0
BRF:2
BRH:0
end_of_record
TN:
SF:app/api/bigdata/bi/compare/route.ts
FN:6,POST
FNF:1
FNH:0
FNDA:0,POST
DA:1,0
DA:2,0
DA:4,0
DA:6,0
DA:7,0
DA:8,0
DA:9,0
DA:11,0
DA:13,0
DA:18,0
DA:19,0
LF:11
LH:0
BRDA:22,0,0,0
BRDA:22,0,1,0
BRF:2
BRH:0
end_of_record
TN:
SF:app/api/bigdata/bi/olap/route.ts
FN:6,POST
FNF:1
FNH:0
FNDA:0,POST
DA:1,0
DA:2,0
DA:4,0
DA:6,0
DA:7,0
DA:8,0
DA:9,0
DA:11,0
DA:13,0
DA:18,0
DA:19,0
LF:11
LH:0
BRDA:22,0,0,0
BRDA:22,0,1,0
BRF:2
BRH:0
end_of_record
TN:
SF:app/api/bigdata/bi/trend/route.ts
FN:6,POST
FNF:1
FNH:0
FNDA:0,POST
DA:1,0
DA:2,0
DA:4,0
DA:6,0
DA:7,0
DA:8,0
DA:9,0
DA:12,0
DA:18,0
DA:20,0
DA:25,0
DA:26,0
LF:12
LH:0
BRDA:29,0,0,0
BRDA:29,0,1,0
BRF:2
BRH:0
end_of_record
TN:
SF:app/api/bigdata/predictive/churn/route.ts
FN:6,POST
FN:11,(anonymous_4)
FNF:2
FNH:0
FNDA:0,POST
FNDA:0,(anonymous_4)
DA:1,0
DA:2,0
DA:4,0
DA:6,0
DA:7,0
DA:8,0
DA:11,0
DA:16,0
DA:18,0
DA:23,0
DA:24,0
LF:11
LH:0
BRF:0
BRH:0
end_of_record
TN:
SF:app/api/bigdata/predictive/elasticity/route.ts
FN:6,POST
FN:11,(anonymous_4)
FN:16,(anonymous_5)
FNF:3
FNH:0
FNDA:0,POST
FNDA:0,(anonymous_4)
FNDA:0,(anonymous_5)
DA:1,3
DA:2,0
DA:4,0
DA:6,0
DA:7,0
DA:8,0
DA:11,0
DA:16,0
DA:21,0
DA:23,0
DA:28,0
DA:29,0
LF:12
LH:1
BRF:0
BRH:0
end_of_record
TN:
SF:app/api/bigdata/predictive/inventory/route.ts
FN:6,POST
FN:11,(anonymous_4)
FNF:2
FNH:0
FNDA:0,POST
FNDA:0,(anonymous_4)
DA:1,0
DA:2,0
DA:4,0
DA:6,0
DA:7,0
DA:8,0
DA:11,0
DA:16,0
DA:18,0
DA:23,0
DA:24,0
LF:11
LH:0
BRF:0
BRH:0
end_of_record
TN:
SF:app/api/bigdata/predictive/sales/route.ts
FN:6,POST
FN:11,(anonymous_4)
FNF:2
FNH:0
FNDA:0,POST
FNDA:0,(anonymous_4)
DA:1,3
DA:2,0
DA:4,0
DA:6,0
DA:7,0
DA:8,0
DA:11,0
DA:16,0
DA:18,0
DA:23,0
DA:24,0
LF:11
LH:1
BRDA:16,0,0,0
BRDA:16,0,1,0
BRF:2
BRH:0
end_of_record
TN:
SF:app/api/bigdata/warehouse/collect/route.ts
FN:6,POST
FNF:1
FNH:0
FNDA:0,POST
DA:1,0
DA:2,0
DA:4,0
DA:6,0
DA:7,0
DA:8,0
DA:9,0
DA:11,0
DA:13,0
DA:18,0
DA:19,0
LF:11
LH:0
BRDA:22,0,0,0
BRDA:22,0,1,0
BRF:2
BRH:0
end_of_record
TN:
SF:app/api/bigdata/warehouse/query/route.ts
FN:6,POST
FNF:1
FNH:0
FNDA:0,POST
DA:1,0
DA:2,0
DA:4,0
DA:6,0
DA:7,0
DA:8,0
DA:10,0
DA:12,0
DA:17,0
DA:18,0
LF:10
LH:0
BRDA:21,0,0,0
BRDA:21,0,1,0
BRF:2
BRH:0
end_of_record
TN:
SF:app/api/dashboard/route.ts
FN:10,GET
FNF:1
FNH:0
FNDA:0,GET
DA:1,0
DA:2,0
DA:10,0
DA:11,0
DA:13,0
DA:15,0
DA:16,0
DA:22,0
DA:27,0
DA:28,0
LF:10
LH:0
BRDA:15,0,0,0
BRDA:17,1,0,0
BRDA:17,1,1,0
BRF:3
BRH:0
end_of_record
TN:
SF:app/api/edge/aggregate/route.ts
FN:6,POST
FNF:1
FNH:0
FNDA:0,POST
DA:1,0
DA:2,0
DA:4,0
DA:6,0
DA:7,0
DA:8,0
DA:10,0
DA:11,0
DA:15,0
DA:17,0
DA:24,0
DA:25,0
LF:12
LH:0
BRDA:10,0,0,0
BRF:1
BRH:0
end_of_record
TN:
SF:app/api/edge/ai/inference/route.ts
FN:6,POST
FNF:1
FNH:0
FNDA:0,POST
DA:1,0
DA:2,0
DA:4,0
DA:6,0
DA:7,0
DA:8,0
DA:11,0
DA:14,0
DA:16,0
DA:21,0
LF:10
LH:0
BRF:0
BRH:0
end_of_record
TN:
SF:app/api/edge/ai/models/route.ts
FN:6,GET
FNF:1
FNH:0
FNDA:0,GET
DA:1,0
DA:2,0
DA:4,0
DA:6,0
DA:7,0
DA:8,0
DA:10,0
DA:15,0
LF:8
LH:0
BRF:0
BRH:0
end_of_record
TN:
SF:app/api/edge/analyze/route.ts
FN:6,POST
FNF:1
FNH:0
FNDA:0,POST
DA:1,0
DA:2,0
DA:4,0
DA:6,0
DA:7,0
DA:8,0
DA:10,0
DA:11,0
DA:15,0
DA:17,0
DA:24,0
DA:25,0
LF:12
LH:0
BRDA:10,0,0,0
BRF:1
BRH:0
end_of_record
TN:
SF:app/api/edge/cache/clear/route.ts
FN:4,POST
FNF:1
FNH:0
FNDA:0,POST
DA:1,0
DA:2,0
DA:4,0
DA:5,0
DA:6,0
DA:8,0
DA:13,0
DA:14,0
LF:8
LH:0
BRF:0
BRH:0
end_of_record
TN:
SF:app/api/edge/cache/invalidate/route.ts
FN:4,POST
FNF:1
FNH:0
FNDA:0,POST
DA:1,0
DA:2,0
DA:4,0
DA:5,0
DA:6,0
DA:8,0
DA:9,0
DA:12,0
DA:14,0
DA:20,0
DA:21,0
LF:11
LH:0
BRDA:8,0,0,0
BRF:1
BRH:0
end_of_record
TN:
SF:app/api/edge/cache/warmup/route.ts
FN:4,POST
FN:10,(anonymous_2)
FN:17,(anonymous_3)
FNF:3
FNH:0
FNDA:0,POST
FNDA:0,(anonymous_2)
FNDA:0,(anonymous_3)
DA:1,0
DA:2,0
DA:4,0
DA:5,0
DA:7,0
DA:12,0
DA:19,0
DA:26,0
DA:28,0
DA:33,0
DA:34,0
LF:11
LH:0
BRF:0
BRH:0
end_of_record
TN:
SF:app/api/edge/image/route.ts
FN:6,POST
FNF:1
FNH:0
FNDA:0,POST
DA:1,0
DA:2,0
DA:4,0
DA:6,0
DA:7,0
DA:8,0
DA:10,0
DA:11,0
DA:15,0
DA:19,0
DA:20,0
DA:21,0
DA:22,0
DA:23,0
DA:24,0
DA:25,0
DA:26,0
DA:29,0
DA:31,0
DA:32,0
LF:20
LH:0
BRDA:10,0,0,0
BRDA:15,1,0,0
BRDA:15,1,1,0
BRF:3
BRH:0
end_of_record
TN:
SF:app/api/iot/energy/analyze/route.ts
FN:6,POST
FNF:1
FNH:0
FNDA:0,POST
DA:1,0
DA:2,0
DA:4,0
DA:6,0
DA:7,0
DA:8,0
DA:9,0
DA:11,0
DA:12,0
DA:15,0
DA:21,0
DA:23,0
DA:24,0
LF:13
LH:0
BRDA:11,0,0,0
BRDA:11,1,0,0
BRDA:11,1,1,0
BRDA:18,2,0,0
BRDA:18,2,1,0
BRF:5
BRH:0
end_of_record
TN:
SF:app/api/iot/energy/monitor/route.ts
FN:6,GET
FNF:1
FNH:0
FNDA:0,GET
DA:1,0
DA:2,0
DA:4,0
DA:6,0
DA:7,0
DA:8,0
DA:9,0
DA:11,0
DA:12,0
DA:15,0
DA:17,0
DA:18,0
DA:21,0
DA:23,0
DA:24,0
LF:15
LH:0
BRDA:11,0,0,0
BRDA:17,1,0,0
BRF:2
BRH:0
end_of_record
TN:
SF:app/api/iot/energy/optimize/route.ts
FN:6,POST
FNF:1
FNH:0
FNDA:0,POST
DA:1,0
DA:2,0
DA:4,0
DA:6,0
DA:7,0
DA:8,0
DA:9,0
DA:11,0
DA:18,0
DA:20,0
DA:21,0
LF:11
LH:0
BRDA:12,0,0,0
BRDA:12,0,1,0
BRDA:13,1,0,0
BRDA:13,1,1,0
BRDA:14,2,0,0
BRDA:14,2,1,0
BRDA:15,3,0,0
BRDA:15,3,1,0
BRF:8
BRH:0
end_of_record
TN:
SF:app/api/iot/inventory/alerts/route.ts
FN:6,GET
FN:31,POST
FNF:2
FNH:0
FNDA:0,GET
FNDA:0,POST
DA:1,0
DA:2,0
DA:4,0
DA:6,0
DA:7,0
DA:8,0
DA:9,0
DA:11,0
DA:15,0
DA:20,0
DA:21,0
DA:31,0
DA:32,0
DA:33,0
DA:35,0
DA:37,0
DA:42,0
DA:43,0
LF:18
LH:0
BRDA:11,0,0,0
BRDA:11,0,1,0
BRF:2
BRH:0
end_of_record
TN:
SF:app/api/iot/inventory/check/route.ts
FN:6,POST
FNF:1
FNH:0
FNDA:0,POST
DA:1,0
DA:2,0
DA:4,0
DA:6,0
DA:7,0
DA:8,0
DA:10,0
DA:15,0
DA:16,0
LF:9
LH:0
BRF:0
BRH:0
end_of_record
TN:
SF:app/api/iot/rooms/[roomId]/control/route.ts
FN:6,POST
FN:45,GET
FNF:2
FNH:0
FNDA:0,POST
FNDA:0,GET
DA:1,0
DA:2,0
DA:4,0
DA:6,0
DA:7,0
DA:8,0
DA:9,0
DA:10,0
DA:12,0
DA:14,0
DA:15,0
DA:18,0
DA:19,0
DA:22,0
DA:23,0
DA:26,0
DA:27,0
DA:30,0
DA:33,0
DA:35,0
DA:40,0
DA:41,0
DA:45,0
DA:46,0
DA:47,0
DA:48,0
DA:50,0
DA:51,0
DA:54,0
DA:56,0
DA:57,0
LF:31
LH:0
BRDA:12,0,0,0
BRDA:12,0,1,0
BRDA:12,0,2,0
BRDA:12,0,3,0
BRDA:12,0,4,0
BRDA:50,1,0,0
BRF:6
BRH:0
end_of_record
TN:
SF:app/api/members/route.ts
FN:7,GET
FN:48,POST
FNF:2
FNH:0
FNDA:0,GET
FNDA:0,POST
DA:1,0
DA:2,0
DA:7,0
DA:8,0
DA:9,0
DA:10,0
DA:11,0
DA:12,0
DA:13,0
DA:15,0
DA:16,0
DA:18,0
DA:20,0
DA:22,0
DA:29,0
DA:35,0
DA:36,0
DA:48,0
DA:49,0
DA:50,0
DA:53,0
DA:54,0
DA:56,0
DA:80,0
DA:82,0
DA:88,0
DA:89,0
LF:27
LH:0
BRDA:10,0,0,0
BRDA:10,0,1,0
BRDA:11,1,0,0
BRDA:11,1,1,0
BRDA:16,2,0,0
BRDA:20,3,0,0
BRDA:58,4,0,0
BRDA:58,4,1,0
BRDA:62,5,0,0
BRDA:62,5,1,0
BRDA:64,6,0,0
BRDA:64,6,1,0
BRDA:65,7,0,0
BRDA:65,7,1,0
BRDA:66,8,0,0
BRDA:66,8,1,0
BRDA:69,9,0,0
BRDA:69,9,1,0
BRDA:70,10,0,0
BRDA:70,10,1,0
BRDA:71,11,0,0
BRDA:71,11,1,0
BRF:22
BRH:0
end_of_record
TN:
SF:app/api/members/[id]/route.ts
FN:6,GET
FN:40,PUT
FN:79,DELETE
FNF:3
FNH:0
FNDA:0,GET
FNDA:0,PUT
FNDA:0,DELETE
DA:1,0
DA:2,0
DA:6,0
DA:7,0
DA:8,0
DA:10,0
DA:11,0
DA:21,0
DA:27,0
DA:28,0
DA:40,0
DA:41,0
DA:42,0
DA:44,0
DA:49,0
DA:50,0
DA:60,0
DA:66,0
DA:67,0
DA:79,0
DA:80,0
DA:81,0
DA:83,0
DA:84,0
DA:94,0
DA:100,0
DA:101,0
LF:27
LH:0
BRDA:10,0,0,0
BRDA:49,1,0,0
BRDA:83,2,0,0
BRF:3
BRH:0
end_of_record
TN:
SF:app/api/orders/route.ts
FN:10,GET
FN:31,(anonymous_6)
FN:51,POST
FN:87,PUT
FN:113,DELETE
FNF:5
FNH:0
FNDA:0,GET
FNDA:0,(anonymous_6)
FNDA:0,POST
FNDA:0,PUT
FNDA:0,DELETE
DA:1,0
DA:2,0
DA:10,0
DA:11,0
DA:13,0
DA:14,0
DA:15,0
DA:16,0
DA:19,0
DA:21,0
DA:22,0
DA:29,0
DA:30,0
DA:31,0
DA:34,0
DA:42,0
DA:43,0
DA:51,0
DA:52,0
DA:53,0
DA:56,0
DA:57,0
DA:64,0
DA:66,0
DA:67,0
DA:73,0
DA:78,0
DA:79,0
DA:87,0
DA:88,0
DA:89,0
DA:91,0
DA:92,0
DA:99,0
DA:104,0
DA:105,0
DA:113,0
DA:114,0
DA:115,0
DA:116,0
DA:118,0
DA:119,0
DA:126,0
DA:128,0
DA:129,0
LF:45
LH:0
BRDA:14,0,0,0
BRDA:14,0,1,0
BRDA:15,1,0,0
BRDA:15,1,1,0
BRDA:21,2,0,0
BRDA:23,3,0,0
BRDA:23,3,1,0
BRDA:29,4,0,0
BRDA:29,4,1,0
BRDA:30,5,0,0
BRDA:56,6,0,0
BRDA:56,7,0,0
BRDA:56,7,1,0
BRDA:56,7,2,0
BRDA:66,8,0,0
BRDA:68,9,0,0
BRDA:68,9,1,0
BRDA:91,10,0,0
BRDA:118,11,0,0
BRF:19
BRH:0
end_of_record
TN:
SF:app/api/orders/[id]/route.ts
FN:7,GET
FN:41,PUT
FN:80,DELETE
FNF:3
FNH:0
FNDA:0,GET
FNDA:0,PUT
FNDA:0,DELETE
DA:1,0
DA:2,0
DA:4,0
DA:7,0
DA:8,0
DA:9,0
DA:11,0
DA:12,0
DA:22,0
DA:28,0
DA:29,0
DA:41,0
DA:42,0
DA:43,0
DA:45,0
DA:50,0
DA:51,0
DA:61,0
DA:67,0
DA:68,0
DA:80,0
DA:81,0
DA:82,0
DA:84,0
DA:85,0
DA:96,0
DA:101,0
DA:107,0
DA:108,0
LF:29
LH:0
BRDA:11,0,0,0
BRDA:50,1,0,0
BRDA:84,2,0,0
BRF:3
BRH:0
end_of_record
TN:
SF:app/api/product-categories/route.ts
FN:7,GET
FN:31,POST
FNF:2
FNH:0
FNDA:0,GET
FNDA:0,POST
DA:1,3
DA:7,0
DA:8,0
DA:10,0
DA:18,0
DA:23,0
DA:24,0
DA:31,0
DA:32,0
DA:33,0
DA:36,0
DA:37,0
DA:44,0
DA:53,0
DA:58,0
DA:59,0
LF:16
LH:1
BRDA:36,0,0,0
BRDA:47,1,0,0
BRDA:47,1,1,0
BRDA:48,2,0,0
BRDA:48,2,1,0
BRDA:49,3,0,0
BRDA:49,3,1,0
BRF:7
BRH:0
end_of_record
TN:
SF:app/api/products/route.ts
FN:10,GET
FN:32,(anonymous_4)
FN:36,(anonymous_5)
FN:67,POST
FNF:4
FNH:0
FNDA:0,GET
FNDA:0,(anonymous_4)
FNDA:0,(anonymous_5)
FNDA:0,POST
DA:1,0
DA:2,0
DA:10,0
DA:11,0
DA:13,0
DA:14,0
DA:15,0
DA:16,0
DA:17,0
DA:20,0
DA:22,0
DA:23,0
DA:30,0
DA:31,0
DA:32,0
DA:34,0
DA:35,0
DA:36,0
DA:37,0
DA:42,0
DA:43,0
DA:45,0
DA:58,0
DA:59,0
DA:67,0
DA:68,0
DA:69,0
DA:72,0
DA:73,0
DA:80,0
DA:92,0
DA:97,0
DA:98,0
LF:33
LH:0
BRDA:14,0,0,0
BRDA:14,0,1,0
BRDA:15,1,0,0
BRDA:15,1,1,0
BRDA:16,2,0,0
BRDA:16,2,1,0
BRDA:22,3,0,0
BRDA:24,4,0,0
BRDA:24,4,1,0
BRDA:30,5,0,0
BRDA:30,5,1,0
BRDA:31,6,0,0
BRDA:34,7,0,0
BRDA:72,8,0,0
BRDA:72,9,0,0
BRDA:72,9,1,0
BRDA:72,9,2,0
BRDA:72,9,3,0
BRDA:84,10,0,0
BRDA:84,10,1,0
BRDA:84,10,2,0
BRDA:85,11,0,0
BRDA:85,11,1,0
BRDA:86,12,0,0
BRDA:86,12,1,0
BRDA:87,13,0,0
BRDA:87,13,1,0
BRDA:87,13,2,0
BRDA:88,14,0,0
BRDA:88,14,1,0
BRF:30
BRH:0
end_of_record
TN:
SF:app/api/products/[id]/route.ts
FN:6,GET
FN:40,PUT
FN:79,DELETE
FNF:3
FNH:0
FNDA:0,GET
FNDA:0,PUT
FNDA:0,DELETE
DA:1,0
DA:2,0
DA:6,0
DA:7,0
DA:8,0
DA:10,0
DA:11,0
DA:21,0
DA:27,0
DA:28,0
DA:40,0
DA:41,0
DA:42,0
DA:44,0
DA:49,0
DA:50,0
DA:60,0
DA:66,0
DA:67,0
DA:79,0
DA:80,0
DA:81,0
DA:83,0
DA:84,0
DA:94,0
DA:100,0
DA:101,0
LF:27
LH:0
BRDA:10,0,0,0
BRDA:49,1,0,0
BRDA:83,2,0,0
BRF:3
BRH:0
end_of_record
TN:
SF:app/api/products/categories/route.ts
FN:6,GET
FN:29,POST
FNF:2
FNH:0
FNDA:0,GET
FNDA:0,POST
DA:1,0
DA:2,0
DA:6,0
DA:7,0
DA:8,0
DA:10,0
DA:16,0
DA:17,0
DA:29,0
DA:30,0
DA:31,0
DA:33,0
DA:41,0
DA:43,0
DA:49,0
DA:50,0
LF:16
LH:0
BRDA:36,0,0,0
BRDA:36,0,1,0
BRDA:38,1,0,0
BRDA:38,1,1,0
BRF:4
BRH:0
end_of_record
TN:
SF:app/api/rooms/route.ts
FN:10,GET
FN:31,(anonymous_6)
FN:54,POST
FN:87,PUT
FN:128,DELETE
FNF:5
FNH:0
FNDA:0,GET
FNDA:0,(anonymous_6)
FNDA:0,POST
FNDA:0,PUT
FNDA:0,DELETE
DA:1,0
DA:2,0
DA:10,0
DA:11,0
DA:13,0
DA:14,0
DA:15,0
DA:16,0
DA:19,0
DA:21,0
DA:22,0
DA:29,0
DA:30,0
DA:31,0
DA:34,0
DA:45,0
DA:46,0
DA:54,0
DA:55,0
DA:56,0
DA:59,0
DA:60,0
DA:67,0
DA:73,0
DA:78,0
DA:79,0
DA:87,0
DA:88,0
DA:89,0
DA:91,0
DA:92,0
DA:100,0
DA:102,0
DA:103,0
DA:109,0
DA:114,0
DA:119,0
DA:120,0
DA:128,0
DA:129,0
DA:130,0
DA:131,0
DA:133,0
DA:134,0
DA:141,0
DA:143,0
DA:144,0
LF:47
LH:0
BRDA:14,0,0,0
BRDA:14,0,1,0
BRDA:15,1,0,0
BRDA:15,1,1,0
BRDA:21,2,0,0
BRDA:23,3,0,0
BRDA:23,3,1,0
BRDA:29,4,0,0
BRDA:29,4,1,0
BRDA:30,5,0,0
BRDA:59,6,0,0
BRDA:59,7,0,0
BRDA:59,7,1,0
BRDA:91,8,0,0
BRDA:102,9,0,0
BRDA:133,10,0,0
BRF:16
BRH:0
end_of_record
TN:
SF:app/api/swagger/route.ts
FN:256,GET
FNF:1
FNH:0
FNDA:0,GET
DA:1,0
DA:4,0
DA:256,0
DA:257,0
LF:4
LH:0
BRF:0
BRH:0
end_of_record
TN:
SF:app/dashboard/layout.tsx
FN:12,DashboardLayout
FN:23,(anonymous_2)
FN:28,(anonymous_3)
FNF:3
FNH:0
FNDA:0,DashboardLayout
FNDA:0,(anonymous_2)
FNDA:0,(anonymous_3)
DA:5,0
DA:6,0
DA:7,0
DA:8,0
DA:9,0
DA:12,0
DA:17,0
DA:23,0
DA:28,0
LF:9
LH:0
BRF:0
BRH:0
end_of_record
TN:
SF:app/dashboard/page.tsx
FN:9,DashboardPage
FN:17,(anonymous_5)
FN:19,(anonymous_6)
FN:98,StatsLoadingSkeleton
FN:101,(anonymous_8)
FN:108,OrdersLoadingSkeleton
FN:111,(anonymous_10)
FNF:7
FNH:0
FNDA:0,DashboardPage
FNDA:0,(anonymous_5)
FNDA:0,(anonymous_6)
FNDA:0,StatsLoadingSkeleton
FNDA:0,(anonymous_8)
FNDA:0,OrdersLoadingSkeleton
FNDA:0,(anonymous_10)
DA:2,1
DA:3,1
DA:4,1
DA:5,1
DA:6,1
DA:9,0
DA:10,0
DA:15,0
DA:17,0
DA:19,0
DA:20,0
DA:22,0
DA:23,0
DA:25,0
DA:26,0
DA:27,0
DA:29,0
DA:32,0
DA:33,0
DA:39,0
DA:43,0
DA:62,0
DA:63,0
DA:102,0
DA:112,0
LF:25
LH:5
BRDA:25,0,0,0
BRDA:25,0,1,0
BRDA:29,1,0,0
BRDA:29,1,1,0
BRDA:62,2,0,0
BRDA:62,2,1,0
BRDA:63,3,0,0
BRDA:63,3,1,0
BRDA:71,4,0,0
BRF:9
BRH:0
end_of_record
TN:
SF:app/dashboard/5g/ar/loading.tsx
FN:1,Loading
FN:6,(anonymous_2)
FNF:2
FNH:0
FNDA:0,Loading
FNDA:0,(anonymous_2)
DA:1,0
DA:7,0
LF:2
LH:0
BRF:0
BRH:0
end_of_record
TN:
SF:app/dashboard/5g/ar/page.tsx
FN:6,ARConcertPage
FNF:1
FNH:0
FNDA:0,ARConcertPage
DA:3,0
DA:4,0
DA:6,0
LF:3
LH:0
BRF:0
BRH:0
end_of_record
TN:
SF:app/dashboard/5g/video/loading.tsx
FN:3,Loading
FN:12,(anonymous_2)
FNF:2
FNH:0
FNDA:0,Loading
FNDA:0,(anonymous_2)
DA:1,0
DA:3,0
DA:13,0
LF:3
LH:0
BRF:0
BRH:0
end_of_record
TN:
SF:app/dashboard/5g/video/page.tsx
FN:9,VideoRoomPage
FNF:1
FNH:0
FNDA:0,VideoRoomPage
DA:1,0
DA:2,0
DA:4,0
DA:9,0
LF:4
LH:0
BRF:0
BRH:0
end_of_record
TN:
SF:app/dashboard/5g/vr/loading.tsx
FN:3,Loading
FN:12,(anonymous_2)
FNF:2
FNH:0
FNDA:0,Loading
FNDA:0,(anonymous_2)
DA:1,0
DA:3,0
DA:13,0
LF:3
LH:0
BRF:0
BRH:0
end_of_record
TN:
SF:app/dashboard/5g/vr/page.tsx
FN:9,VRKaraokePage
FNF:1
FNH:0
FNDA:0,VRKaraokePage
DA:1,0
DA:2,0
DA:4,0
DA:9,0
LF:4
LH:0
BRF:0
BRH:0
end_of_record
TN:
SF:app/dashboard/ai-ops/comm/loading.tsx
FN:1,Loading
FN:10,(anonymous_2)
FN:16,(anonymous_3)
FNF:3
FNH:0
FNDA:0,Loading
FNDA:0,(anonymous_2)
FNDA:0,(anonymous_3)
DA:1,0
DA:11,0
DA:17,0
LF:3
LH:0
BRF:0
BRH:0
end_of_record
TN:
SF:app/dashboard/ai-ops/comm/page.tsx
FN:6,InternalCommPage
FNF:1
FNH:0
FNDA:0,InternalCommPage
DA:3,0
DA:4,0
DA:6,0
LF:3
LH:0
BRF:0
BRH:0
end_of_record
TN:
SF:app/dashboard/ai-ops/compliance/loading.tsx
FN:3,ComplianceLoading
FN:12,(anonymous_2)
FN:18,(anonymous_3)
FNF:3
FNH:0
FNDA:0,ComplianceLoading
FNDA:0,(anonymous_2)
FNDA:0,(anonymous_3)
DA:1,0
DA:3,0
DA:13,0
DA:19,0
LF:4
LH:0
BRF:0
BRH:0
end_of_record
TN:
SF:app/dashboard/ai-ops/compliance/page.tsx
FN:6,CompliancePage
FNF:1
FNH:0
FNDA:0,CompliancePage
DA:3,0
DA:4,0
DA:6,0
LF:3
LH:0
BRF:0
BRH:0
end_of_record
TN:
SF:app/dashboard/ai-ops/customer/loading.tsx
FN:3,CustomerPromotionLoading
FN:12,(anonymous_2)
FNF:2
FNH:0
FNDA:0,CustomerPromotionLoading
FNDA:0,(anonymous_2)
DA:1,0
DA:3,0
DA:13,0
LF:3
LH:0
BRF:0
BRH:0
end_of_record
TN:
SF:app/dashboard/ai-ops/customer/page.tsx
FN:4,CustomerPromotionPage
FNF:1
FNH:0
FNDA:0,CustomerPromotionPage
DA:1,0
DA:2,0
DA:4,0
LF:3
LH:0
BRF:0
BRH:0
end_of_record
TN:
SF:app/dashboard/ai-ops/executive/loading.tsx
FN:1,Loading
FN:7,(anonymous_2)
FNF:2
FNH:0
FNDA:0,Loading
FNDA:0,(anonymous_2)
DA:1,0
DA:8,0
LF:2
LH:0
BRF:0
BRH:0
end_of_record
TN:
SF:app/dashboard/ai-ops/executive/page.tsx
FN:6,ExecutivePage
FNF:1
FNH:0
FNDA:0,ExecutivePage
DA:3,0
DA:4,0
DA:6,0
LF:3
LH:0
BRF:0
BRH:0
end_of_record
TN:
SF:app/dashboard/ai-ops/feedback/loading.tsx
FN:1,Loading
FN:7,(anonymous_2)
FNF:2
FNH:0
FNDA:0,Loading
FNDA:0,(anonymous_2)
DA:1,0
DA:8,0
LF:2
LH:0
BRF:0
BRH:0
end_of_record
TN:
SF:app/dashboard/ai-ops/feedback/page.tsx
FN:6,FeedbackPage
FNF:1
FNH:0
FNDA:0,FeedbackPage
DA:3,0
DA:4,0
DA:6,0
LF:3
LH:0
BRF:0
BRH:0
end_of_record
TN:
SF:app/dashboard/ai-ops/hr/loading.tsx
FN:1,Loading
FN:10,(anonymous_2)
FN:16,(anonymous_3)
FNF:3
FNH:0
FNDA:0,Loading
FNDA:0,(anonymous_2)
FNDA:0,(anonymous_3)
DA:1,0
DA:11,0
DA:17,0
LF:3
LH:0
BRF:0
BRH:0
end_of_record
TN:
SF:app/dashboard/ai-ops/hr/page.tsx
FN:6,HRTalentPage
FNF:1
FNH:0
FNDA:0,HRTalentPage
DA:3,0
DA:4,0
DA:6,0
LF:3
LH:0
BRF:0
BRH:0
end_of_record
TN:
SF:app/dashboard/ai-ops/ops/loading.tsx
FN:1,Loading
FN:10,(anonymous_2)
FN:16,(anonymous_3)
FNF:3
FNH:0
FNDA:0,Loading
FNDA:0,(anonymous_2)
FNDA:0,(anonymous_3)
DA:1,0
DA:11,0
DA:17,0
LF:3
LH:0
BRF:0
BRH:0
end_of_record
TN:
SF:app/dashboard/ai-ops/ops/page.tsx
FN:9,OpsTrackerPage
FNF:1
FNH:0
FNDA:0,OpsTrackerPage
DA:1,0
DA:2,0
DA:4,0
DA:9,0
LF:4
LH:0
BRF:0
BRH:0
end_of_record
TN:
SF:app/dashboard/ai-ops/outreach/loading.tsx
FN:1,Loading
FN:6,(anonymous_2)
FNF:2
FNH:0
FNDA:0,Loading
FNDA:0,(anonymous_2)
DA:1,0
DA:7,0
LF:2
LH:0
BRF:0
BRH:0
end_of_record
TN:
SF:app/dashboard/ai-ops/outreach/page.tsx
FN:6,OutreachPage
FNF:1
FNH:0
FNDA:0,OutreachPage
DA:3,0
DA:4,0
DA:6,0
LF:3
LH:0
BRF:0
BRH:0
end_of_record
TN:
SF:app/dashboard/ai-ops/profit/loading.tsx
FN:3,Loading
FN:12,(anonymous_2)
FN:18,(anonymous_3)
FNF:3
FNH:0
FNDA:0,Loading
FNDA:0,(anonymous_2)
FNDA:0,(anonymous_3)
DA:1,0
DA:3,0
DA:13,0
DA:19,0
LF:4
LH:0
BRF:0
BRH:0
end_of_record
TN:
SF:app/dashboard/ai-ops/profit/page.tsx
FN:6,ProfitIntelligencePage
FNF:1
FNH:0
FNDA:0,ProfitIntelligencePage
DA:3,0
DA:4,0
DA:6,0
LF:3
LH:0
BRF:0
BRH:0
end_of_record
TN:
SF:app/dashboard/ai/marketing/loading.tsx
FN:1,Loading
FN:6,(anonymous_2)
FNF:2
FNH:0
FNDA:0,Loading
FNDA:0,(anonymous_2)
DA:1,0
DA:7,0
LF:2
LH:0
BRF:0
BRH:0
end_of_record
TN:
SF:app/dashboard/ai/marketing/page.tsx
FN:6,AIMarketingPage
FNF:1
FNH:0
FNDA:0,AIMarketingPage
DA:3,1
DA:4,1
DA:6,0
LF:3
LH:2
BRF:0
BRH:0
end_of_record
TN:
SF:app/dashboard/ai/pricing/loading.tsx
FN:1,Loading
FN:6,(anonymous_2)
FNF:2
FNH:0
FNDA:0,Loading
FNDA:0,(anonymous_2)
DA:1,0
DA:7,0
LF:2
LH:0
BRF:0
BRH:0
end_of_record
TN:
SF:app/dashboard/ai/pricing/page.tsx
FN:10,AIPricingPage
FNF:1
FNH:0
FNDA:0,AIPricingPage
DA:3,0
DA:4,0
DA:5,0
DA:6,0
DA:7,0
DA:8,0
DA:10,0
LF:7
LH:0
BRF:0
BRH:0
end_of_record
TN:
SF:app/dashboard/ai/traffic/loading.tsx
FN:3,Loading
FN:12,(anonymous_2)
FNF:2
FNH:0
FNDA:0,Loading
FNDA:0,(anonymous_2)
DA:1,0
DA:3,0
DA:13,0
LF:3
LH:0
BRF:0
BRH:0
end_of_record
TN:
SF:app/dashboard/ai/traffic/page.tsx
FN:11,getTrafficPredictions
FN:13,(anonymous_2)
FN:29,TrafficPredictionPage
FNF:3
FNH:0
FNDA:0,getTrafficPredictions
FNDA:0,(anonymous_2)
FNDA:0,TrafficPredictionPage
DA:3,0
DA:4,0
DA:5,0
DA:6,0
DA:7,0
DA:8,0
DA:13,0
DA:19,0
DA:26,0
DA:29,0
DA:30,0
LF:11
LH:0
BRF:0
BRH:0
end_of_record
TN:
SF:app/dashboard/analytics/page.tsx
FN:36,AnalyticsPage
FN:42,(anonymous_2)
FN:46,(anonymous_3)
FN:61,(anonymous_4)
FN:62,(anonymous_5)
FN:198,(anonymous_6)
FN:206,(anonymous_7)
FN:223,(anonymous_8)
FNF:8
FNH:0
FNDA:0,AnalyticsPage
FNDA:0,(anonymous_2)
FNDA:0,(anonymous_3)
FNDA:0,(anonymous_4)
FNDA:0,(anonymous_5)
FNDA:0,(anonymous_6)
FNDA:0,(anonymous_7)
FNDA:0,(anonymous_8)
DA:3,0
DA:4,0
DA:5,0
DA:6,0
DA:7,0
DA:22,0
DA:29,0
DA:33,0
DA:36,0
DA:37,0
DA:38,0
DA:39,0
DA:40,0
DA:42,0
DA:43,0
DA:46,0
DA:47,0
DA:54,0
DA:55,0
DA:56,0
DA:57,0
DA:61,0
DA:62,0
DA:63,0
DA:198,0
DA:207,0
DA:224,0
LF:27
LH:0
BRDA:63,0,0,0
BRDA:63,0,1,0
BRF:2
BRH:0
end_of_record
TN:
SF:app/dashboard/bigdata/behavior/loading.tsx
FN:1,Loading
FN:6,(anonymous_2)
FN:11,(anonymous_3)
FNF:3
FNH:0
FNDA:0,Loading
FNDA:0,(anonymous_2)
FNDA:0,(anonymous_3)
DA:1,0
DA:7,0
DA:12,0
LF:3
LH:0
BRF:0
BRH:0
end_of_record
TN:
SF:app/dashboard/bigdata/behavior/page.tsx
FN:6,UserBehaviorPage
FNF:1
FNH:0
FNDA:0,UserBehaviorPage
DA:3,0
DA:4,0
DA:6,0
LF:3
LH:0
BRF:0
BRH:0
end_of_record
TN:
SF:app/dashboard/bigdata/bi/loading.tsx
FN:3,BILoading
FN:8,(anonymous_2)
FNF:2
FNH:0
FNDA:0,BILoading
FNDA:0,(anonymous_2)
DA:1,0
DA:3,0
DA:9,0
LF:3
LH:0
BRF:0
BRH:0
end_of_record
TN:
SF:app/dashboard/bigdata/bi/page.tsx
FN:6,BIPage
FNF:1
FNH:0
FNDA:0,BIPage
DA:3,0
DA:4,0
DA:6,0
LF:3
LH:0
BRF:0
BRH:0
end_of_record
TN:
SF:app/dashboard/bigdata/predictive/loading.tsx
FN:3,Loading
FN:12,(anonymous_2)
FN:18,(anonymous_3)
FNF:3
FNH:0
FNDA:0,Loading
FNDA:0,(anonymous_2)
FNDA:0,(anonymous_3)
DA:1,0
DA:3,0
DA:13,0
DA:19,0
LF:4
LH:0
BRF:0
BRH:0
end_of_record
TN:
SF:app/dashboard/bigdata/predictive/page.tsx
FN:6,PredictivePage
FNF:1
FNH:0
FNDA:0,PredictivePage
DA:3,0
DA:4,0
DA:6,0
LF:3
LH:0
BRF:0
BRH:0
end_of_record
TN:
SF:app/dashboard/bigdata/warehouse/loading.tsx
FN:3,Loading
FN:12,(anonymous_2)
FNF:2
FNH:0
FNDA:0,Loading
FNDA:0,(anonymous_2)
DA:1,0
DA:3,0
DA:13,0
LF:3
LH:0
BRF:0
BRH:0
end_of_record
TN:
SF:app/dashboard/bigdata/warehouse/page.tsx
FN:6,DataWarehousePage
FNF:1
FNH:0
FNDA:0,DataWarehousePage
DA:3,0
DA:4,0
DA:6,0
LF:3
LH:0
BRF:0
BRH:0
end_of_record
TN:
SF:app/dashboard/billing/create/page.tsx
FN:14,BillingCreatePage
FN:34,(anonymous_2)
FN:35,(anonymous_3)
FN:212,(anonymous_4)
FN:247,(anonymous_5)
FNF:5
FNH:0
FNDA:0,BillingCreatePage
FNDA:0,(anonymous_2)
FNDA:0,(anonymous_3)
FNDA:0,(anonymous_4)
FNDA:0,(anonymous_5)
DA:3,0
DA:4,0
DA:5,0
DA:6,0
DA:7,0
DA:8,0
DA:9,0
DA:10,0
DA:11,0
DA:12,0
DA:14,0
DA:15,0
DA:26,0
DA:34,0
DA:35,0
DA:213,0
DA:248,0
LF:17
LH:0
BRF:0
BRH:0
end_of_record
TN:
SF:app/dashboard/billing/printer/page.tsx
FN:22,BillingPrinterPage
FN:73,(anonymous_2)
FN:74,(anonymous_3)
FN:81,(anonymous_4)
FN:87,(anonymous_5)
FN:103,(anonymous_6)
FN:139,(anonymous_7)
FN:147,(anonymous_8)
FN:155,(anonymous_9)
FN:163,(anonymous_10)
FN:171,(anonymous_11)
FN:179,(anonymous_12)
FN:194,(anonymous_13)
FN:206,(anonymous_14)
FN:218,(anonymous_15)
FN:315,(anonymous_16)
FN:346,(anonymous_17)
FNF:17
FNH:0
FNDA:0,BillingPrinterPage
FNDA:0,(anonymous_2)
FNDA:0,(anonymous_3)
FNDA:0,(anonymous_4)
FNDA:0,(anonymous_5)
FNDA:0,(anonymous_6)
FNDA:0,(anonymous_7)
FNDA:0,(anonymous_8)
FNDA:0,(anonymous_9)
FNDA:0,(anonymous_10)
FNDA:0,(anonymous_11)
FNDA:0,(anonymous_12)
FNDA:0,(anonymous_13)
FNDA:0,(anonymous_14)
FNDA:0,(anonymous_15)
FNDA:0,(anonymous_16)
FNDA:0,(anonymous_17)
DA:3,0
DA:4,0
DA:5,0
DA:6,0
DA:7,0
DA:8,0
DA:9,0
DA:10,0
DA:11,0
DA:22,0
DA:23,0
DA:26,0
DA:39,0
DA:73,0
DA:74,0
DA:81,0
DA:82,0
DA:87,0
DA:88,0
DA:103,0
DA:139,0
DA:147,0
DA:155,0
DA:163,0
DA:171,0
DA:179,0
DA:194,0
DA:206,0
DA:218,0
DA:316,0
DA:347,0
LF:31
LH:0
BRDA:260,0,0,0
BRDA:260,0,1,0
BRDA:262,1,0,0
BRDA:262,1,1,0
BRDA:262,2,0,0
BRDA:262,2,1,0
BRDA:266,3,0,0
BRDA:268,4,0,0
BRDA:302,5,0,0
BRDA:335,6,0,0
BRDA:365,7,0,0
BRDA:373,8,0,0
BRF:12
BRH:0
end_of_record
TN:
SF:app/dashboard/billing/view/page.tsx
FN:20,BillingViewPage
FN:62,(anonymous_2)
FN:67,(anonymous_3)
FN:83,(anonymous_4)
FN:173,(anonymous_5)
FN:214,(anonymous_6)
FNF:6
FNH:0
FNDA:0,BillingViewPage
FNDA:0,(anonymous_2)
FNDA:0,(anonymous_3)
FNDA:0,(anonymous_4)
FNDA:0,(anonymous_5)
FNDA:0,(anonymous_6)
DA:3,1
DA:5,1
DA:6,1
DA:7,1
DA:8,1
DA:9,1
DA:20,0
DA:21,0
DA:24,0
DA:62,0
DA:63,0
DA:67,0
DA:68,0
DA:83,0
DA:174,0
DA:215,0
LF:16
LH:6
BRDA:140,0,0,0
BRDA:140,0,1,0
BRF:2
BRH:0
end_of_record
TN:
SF:app/dashboard/data/import-export/page.tsx
FN:17,ImportExportPage
FN:23,(anonymous_2)
FN:62,(anonymous_3)
FN:70,(anonymous_4)
FN:125,(anonymous_5)
FN:143,(anonymous_6)
FN:174,(anonymous_7)
FN:192,(anonymous_8)
FN:239,(anonymous_9)
FN:266,(anonymous_10)
FN:282,(anonymous_11)
FN:298,(anonymous_12)
FNF:12
FNH:0
FNDA:0,ImportExportPage
FNDA:0,(anonymous_2)
FNDA:0,(anonymous_3)
FNDA:0,(anonymous_4)
FNDA:0,(anonymous_5)
FNDA:0,(anonymous_6)
FNDA:0,(anonymous_7)
FNDA:0,(anonymous_8)
FNDA:0,(anonymous_9)
FNDA:0,(anonymous_10)
FNDA:0,(anonymous_11)
FNDA:0,(anonymous_12)
DA:5,0
DA:6,0
DA:7,0
DA:8,0
DA:9,0
DA:10,0
DA:11,0
DA:12,0
DA:13,0
DA:17,0
DA:18,0
DA:19,0
DA:20,0
DA:23,0
DA:24,0
DA:25,0
DA:27,0
DA:30,0
DA:31,0
DA:33,0
DA:36,0
DA:38,0
DA:39,0
DA:44,0
DA:51,0
DA:57,0
DA:62,0
DA:63,0
DA:64,0
DA:65,0
DA:70,0
DA:71,0
DA:72,0
DA:73,0
DA:74,0
DA:75,0
DA:77,0
DA:80,0
DA:85,0
DA:125,0
DA:143,0
DA:174,0
DA:192,0
DA:240,0
DA:266,0
DA:282,0
DA:298,0
LF:47
LH:0
BRDA:30,0,0,0
BRDA:30,0,1,0
BRDA:38,1,0,0
BRDA:38,1,1,0
BRDA:41,2,0,0
BRDA:41,2,1,0
BRDA:64,3,0,0
BRDA:72,4,0,0
BRDA:72,4,1,0
BRDA:74,5,0,0
BRDA:74,5,1,0
BRDA:135,6,0,0
BRDA:135,6,1,0
BRDA:184,7,0,0
BRDA:184,7,1,0
BRDA:210,8,0,0
BRDA:235,9,0,0
BRF:17
BRH:0
end_of_record
TN:
SF:app/dashboard/edge/ai/loading.tsx
FN:1,Loading
FN:6,(anonymous_2)
FNF:2
FNH:0
FNDA:0,Loading
FNDA:0,(anonymous_2)
DA:1,0
DA:7,0
LF:2
LH:0
BRF:0
BRH:0
end_of_record
TN:
SF:app/dashboard/edge/ai/page.tsx
FN:6,EdgeAIPage
FNF:1
FNH:0
FNDA:0,EdgeAIPage
DA:3,0
DA:4,0
DA:6,0
LF:3
LH:0
BRF:0
BRH:0
end_of_record
TN:
SF:app/dashboard/edge/cache/loading.tsx
FN:1,Loading
FN:6,(anonymous_2)
FNF:2
FNH:0
FNDA:0,Loading
FNDA:0,(anonymous_2)
DA:1,0
DA:7,0
LF:2
LH:0
BRF:0
BRH:0
end_of_record
TN:
SF:app/dashboard/edge/cache/page.tsx
FN:7,EdgeCachePage
FNF:1
FNH:0
FNDA:0,EdgeCachePage
DA:3,0
DA:4,0
DA:5,0
DA:7,0
LF:4
LH:0
BRF:0
BRH:0
end_of_record
TN:
SF:app/dashboard/edge/compute/loading.tsx
FN:1,Loading
FN:6,(anonymous_2)
FNF:2
FNH:0
FNDA:0,Loading
FNDA:0,(anonymous_2)
DA:1,0
DA:7,0
LF:2
LH:0
BRF:0
BRH:0
end_of_record
TN:
SF:app/dashboard/edge/compute/page.tsx
FN:9,EdgeComputePage
FNF:1
FNH:0
FNDA:0,EdgeComputePage
DA:1,0
DA:2,0
DA:4,0
DA:9,0
LF:4
LH:0
BRF:0
BRH:0
end_of_record
TN:
SF:app/dashboard/employees/loading.tsx
FN:1,Loading
FNF:1
FNH:0
FNDA:0,Loading
DA:1,0
DA:2,0
LF:2
LH:0
BRF:0
BRH:0
end_of_record
TN:
SF:app/dashboard/employees/page.tsx
FN:66,EmployeesPage
FN:110,(anonymous_2)
FN:132,(anonymous_3)
FN:158,(anonymous_4)
FN:194,(anonymous_5)
FNF:5
FNH:0
FNDA:0,EmployeesPage
FNDA:0,(anonymous_2)
FNDA:0,(anonymous_3)
FNDA:0,(anonymous_4)
FNDA:0,(anonymous_5)
DA:3,0
DA:4,0
DA:5,0
DA:6,0
DA:7,0
DA:8,0
DA:9,0
DA:10,0
DA:11,0
DA:14,0
DA:66,0
DA:67,0
DA:110,0
DA:132,0
DA:158,0
DA:195,0
LF:16
LH:0
BRDA:217,0,0,0
BRF:1
BRH:0
end_of_record
TN:
SF:app/dashboard/iot/energy/loading.tsx
FN:3,EnergyManagementLoading
FN:12,(anonymous_2)
FNF:2
FNH:0
FNDA:0,EnergyManagementLoading
FNDA:0,(anonymous_2)
DA:1,0
DA:3,0
DA:13,0
LF:3
LH:0
BRF:0
BRH:0
end_of_record
TN:
SF:app/dashboard/iot/energy/page.tsx
FN:6,EnergyManagementPage
FNF:1
FNH:0
FNDA:0,EnergyManagementPage
DA:3,0
DA:4,0
DA:6,0
LF:3
LH:0
BRF:0
BRH:0
end_of_record
TN:
SF:app/dashboard/iot/inventory/loading.tsx
FN:3,Loading
FN:12,(anonymous_2)
FNF:2
FNH:0
FNDA:0,Loading
FNDA:0,(anonymous_2)
DA:1,0
DA:3,0
DA:13,0
LF:3
LH:0
BRF:0
BRH:0
end_of_record
TN:
SF:app/dashboard/iot/inventory/page.tsx
FN:6,SmartInventoryPage
FNF:1
FNH:0
FNDA:0,SmartInventoryPage
DA:3,0
DA:4,0
DA:6,0
LF:3
LH:0
BRF:0
BRH:0
end_of_record
TN:
SF:app/dashboard/iot/rooms/loading.tsx
FN:3,Loading
FN:12,(anonymous_2)
FNF:2
FNH:0
FNDA:0,Loading
FNDA:0,(anonymous_2)
DA:1,0
DA:3,0
DA:13,0
LF:3
LH:0
BRF:0
BRH:0
end_of_record
TN:
SF:app/dashboard/iot/rooms/page.tsx
FN:9,SmartRoomsPage
FNF:1
FNH:0
FNDA:0,SmartRoomsPage
DA:1,0
DA:2,0
DA:4,0
DA:9,0
LF:4
LH:0
BRF:0
BRH:0
end_of_record
TN:
SF:app/dashboard/members/page.tsx
FN:26,MembersPage
FN:38,(anonymous_2)
FN:42,(anonymous_3)
FN:58,(anonymous_4)
FN:104,(anonymous_5)
FN:124,(anonymous_6)
FN:129,(anonymous_7)
FN:134,(anonymous_8)
FN:139,(anonymous_9)
FN:151,(anonymous_10)
FN:157,(anonymous_11)
FN:158,(anonymous_12)
FN:250,(anonymous_18)
FN:271,(anonymous_19)
FN:274,(anonymous_21)
FN:284,(anonymous_22)
FNF:16
FNH:3
FNDA:9,MembersPage
FNDA:6,(anonymous_2)
FNDA:6,(anonymous_3)
FNDA:0,(anonymous_4)
FNDA:0,(anonymous_5)
FNDA:0,(anonymous_6)
FNDA:0,(anonymous_7)
FNDA:0,(anonymous_8)
FNDA:0,(anonymous_9)
FNDA:0,(anonymous_10)
FNDA:0,(anonymous_11)
FNDA:0,(anonymous_12)
FNDA:0,(anonymous_18)
FNDA:0,(anonymous_19)
FNDA:0,(anonymous_21)
FNDA:0,(anonymous_22)
DA:10,1
DA:11,1
DA:12,1
DA:13,1
DA:14,1
DA:15,1
DA:16,1
DA:17,1
DA:18,1
DA:19,1
DA:20,1
DA:21,1
DA:22,1
DA:26,1
DA:27,9
DA:28,8
DA:29,8
DA:31,8
DA:32,8
DA:33,8
DA:34,8
DA:36,8
DA:38,8
DA:39,6
DA:42,8
DA:43,6
DA:44,6
DA:45,6
DA:46,5
DA:49,0
DA:50,0
DA:58,8
DA:59,0
DA:61,0
DA:75,0
DA:76,0
DA:77,0
DA:78,0
DA:82,0
DA:85,0
DA:86,0
DA:87,0
DA:91,0
DA:95,0
DA:96,0
DA:104,8
DA:105,0
DA:106,0
DA:107,0
DA:108,0
DA:112,0
DA:115,0
DA:116,0
DA:124,8
DA:125,0
DA:126,0
DA:129,8
DA:130,0
DA:131,0
DA:134,8
DA:135,0
DA:136,0
DA:139,8
DA:141,0
DA:144,0
DA:145,0
DA:149,6
DA:152,0
DA:153,0
DA:154,0
DA:155,0
DA:157,0
DA:158,0
DA:161,6
DA:250,0
DA:271,0
DA:274,0
DA:284,0
LF:78
LH:37
BRDA:45,0,0,5
BRDA:45,1,0,6
BRDA:45,1,1,5
BRDA:63,2,0,0
BRDA:63,2,1,0
BRDA:68,3,0,0
BRDA:68,3,1,0
BRDA:75,4,0,0
BRDA:75,4,1,0
BRDA:77,5,0,0
BRDA:86,6,0,0
BRDA:107,7,0,0
BRDA:141,8,0,0
BRDA:141,8,1,0
BRDA:141,8,2,0
BRDA:144,9,0,0
BRDA:144,9,1,0
BRDA:145,10,0,0
BRDA:145,10,1,0
BRF:19
BRH:3
end_of_record
TN:
SF:app/dashboard/plugins/page.tsx
FN:12,PluginsPage
FN:16,(anonymous_2)
FN:20,(anonymous_3)
FN:32,(anonymous_4)
FN:45,(anonymous_5)
FN:70,(anonymous_6)
FN:94,(anonymous_7)
FN:106,(anonymous_8)
FNF:8
FNH:0
FNDA:0,PluginsPage
FNDA:0,(anonymous_2)
FNDA:0,(anonymous_3)
FNDA:0,(anonymous_4)
FNDA:0,(anonymous_5)
FNDA:0,(anonymous_6)
FNDA:0,(anonymous_7)
FNDA:0,(anonymous_8)
DA:3,0
DA:4,0
DA:5,0
DA:6,0
DA:7,0
DA:8,0
DA:9,0
DA:10,0
DA:12,0
DA:13,0
DA:14,0
DA:16,0
DA:17,0
DA:20,0
DA:21,0
DA:22,0
DA:23,0
DA:24,0
DA:26,0
DA:28,0
DA:32,0
DA:33,0
DA:34,0
DA:35,0
DA:37,0
DA:39,0
DA:41,0
DA:45,0
DA:46,0
DA:47,0
DA:48,0
DA:49,0
DA:51,0
DA:71,0
DA:94,0
DA:106,0
LF:36
LH:0
BRDA:34,0,0,0
BRDA:34,0,1,0
BRDA:46,1,0,0
BRDA:82,2,0,0
BRDA:101,3,0,0
BRDA:101,3,1,0
BRDA:101,4,0,0
BRDA:101,4,1,0
BRDA:116,5,0,0
BRDA:116,5,1,0
BRF:10
BRH:0
end_of_record
TN:
SF:app/dashboard/products/delivery/page.tsx
FN:50,DeliveryPage
FN:229,(anonymous_6)
FN:232,(anonymous_7)
FN:249,(anonymous_8)
FN:252,(anonymous_9)
FNF:5
FNH:0
FNDA:0,DeliveryPage
FNDA:0,(anonymous_6)
FNDA:0,(anonymous_7)
FNDA:0,(anonymous_8)
FNDA:0,(anonymous_9)
DA:3,0
DA:4,0
DA:5,0
DA:6,0
DA:7,0
DA:8,0
DA:9,0
DA:10,0
DA:11,0
DA:12,0
DA:13,0
DA:14,0
DA:17,0
DA:50,0
DA:51,0
DA:53,0
DA:229,0
DA:232,0
DA:249,0
DA:252,0
LF:20
LH:0
BRDA:70,0,0,0
BRDA:70,0,1,0
BRF:2
BRH:0
end_of_record
TN:
SF:app/dashboard/products/flavors/loading.tsx
FN:1,Loading
FNF:1
FNH:0
FNDA:0,Loading
DA:1,0
DA:2,0
LF:2
LH:0
BRF:0
BRH:0
end_of_record
TN:
SF:app/dashboard/products/flavors/page.tsx
FN:22,ProductFlavorsPage
FN:34,(anonymous_2)
FN:36,(anonymous_3)
FN:42,(anonymous_4)
FN:48,(anonymous_5)
FN:49,(anonymous_6)
FN:53,(anonymous_7)
FN:61,(anonymous_8)
FN:110,(anonymous_9)
FN:137,(anonymous_10)
FN:145,(anonymous_11)
FN:148,(anonymous_12)
FN:174,(anonymous_13)
FN:184,(anonymous_14)
FN:190,(anonymous_15)
FNF:15
FNH:0
FNDA:0,ProductFlavorsPage
FNDA:0,(anonymous_2)
FNDA:0,(anonymous_3)
FNDA:0,(anonymous_4)
FNDA:0,(anonymous_5)
FNDA:0,(anonymous_6)
FNDA:0,(anonymous_7)
FNDA:0,(anonymous_8)
FNDA:0,(anonymous_9)
FNDA:0,(anonymous_10)
FNDA:0,(anonymous_11)
FNDA:0,(anonymous_12)
FNDA:0,(anonymous_13)
FNDA:0,(anonymous_14)
FNDA:0,(anonymous_15)
DA:3,0
DA:4,0
DA:5,0
DA:6,0
DA:7,0
DA:8,0
DA:9,0
DA:17,0
DA:18,0
DA:19,0
DA:22,0
DA:23,0
DA:29,0
DA:30,0
DA:31,0
DA:32,0
DA:34,0
DA:36,0
DA:37,0
DA:38,0
DA:39,0
DA:42,0
DA:43,0
DA:44,0
DA:45,0
DA:48,0
DA:49,0
DA:50,0
DA:53,0
DA:54,0
DA:55,0
DA:56,0
DA:59,0
DA:60,0
DA:62,0
DA:67,0
DA:69,0
DA:75,0
DA:76,0
DA:79,0
DA:110,0
DA:138,0
DA:145,0
DA:148,0
DA:174,0
DA:184,0
DA:190,0
LF:47
LH:0
BRDA:54,0,0,0
BRDA:59,1,0,0
BRDA:59,1,1,0
BRDA:62,2,0,0
BRDA:62,2,1,0
BRDA:63,3,0,0
BRDA:63,3,1,0
BRDA:72,4,0,0
BRDA:72,4,1,0
BRDA:165,5,0,0
BRDA:165,5,1,0
BRDA:166,6,0,0
BRDA:166,6,1,0
BRF:13
BRH:0
end_of_record
TN:
SF:app/dashboard/products/list/loading.tsx
FN:1,Loading
FNF:1
FNH:0
FNDA:0,Loading
DA:1,0
DA:2,0
LF:2
LH:0
BRF:0
BRH:0
end_of_record
TN:
SF:app/dashboard/products/list/page.tsx
FN:27,ProductListPage
FN:41,(anonymous_2)
FN:45,(anonymous_3)
FN:71,(anonymous_4)
FN:102,(anonymous_5)
FN:122,(anonymous_6)
FN:127,(anonymous_7)
FN:132,(anonymous_8)
FN:137,(anonymous_9)
FN:171,(anonymous_10)
FN:194,(anonymous_11)
FN:246,(anonymous_12)
FN:266,(anonymous_13)
FN:288,(anonymous_14)
FN:296,(anonymous_15)
FN:333,(anonymous_16)
FN:385,(anonymous_17)
FNF:17
FNH:3
FNDA:9,ProductListPage
FNDA:6,(anonymous_2)
FNDA:6,(anonymous_3)
FNDA:0,(anonymous_4)
FNDA:0,(anonymous_5)
FNDA:0,(anonymous_6)
FNDA:0,(anonymous_7)
FNDA:0,(anonymous_8)
FNDA:0,(anonymous_9)
FNDA:0,(anonymous_10)
FNDA:0,(anonymous_11)
FNDA:0,(anonymous_12)
FNDA:0,(anonymous_13)
FNDA:0,(anonymous_14)
FNDA:0,(anonymous_15)
FNDA:0,(anonymous_16)
FNDA:0,(anonymous_17)
DA:10,1
DA:11,1
DA:12,1
DA:13,1
DA:14,1
DA:15,1
DA:16,1
DA:17,1
DA:18,1
DA:19,1
DA:20,1
DA:21,1
DA:22,1
DA:23,1
DA:27,1
DA:28,9
DA:29,8
DA:30,8
DA:31,8
DA:32,8
DA:34,8
DA:35,8
DA:36,8
DA:37,8
DA:39,8
DA:41,8
DA:42,6
DA:45,8
DA:46,6
DA:47,6
DA:48,6
DA:53,6
DA:54,5
DA:56,6
DA:57,5
DA:60,0
DA:61,0
DA:67,6
DA:71,8
DA:72,0
DA:73,0
DA:74,0
DA:75,0
DA:76,0
DA:80,0
DA:83,0
DA:84,0
DA:85,0
DA:89,0
DA:93,0
DA:94,0
DA:102,8
DA:103,0
DA:104,0
DA:105,0
DA:106,0
DA:110,0
DA:113,0
DA:114,0
DA:122,8
DA:123,0
DA:124,0
DA:127,8
DA:128,0
DA:129,0
DA:132,8
DA:133,0
DA:134,0
DA:137,8
DA:138,0
DA:139,0
DA:140,0
DA:171,0
DA:195,0
DA:247,0
DA:266,0
DA:288,0
DA:296,0
DA:334,0
DA:386,0
LF:80
LH:42
BRDA:53,0,0,5
BRDA:53,1,0,6
BRDA:53,1,1,5
BRDA:56,2,0,5
BRDA:56,3,0,6
BRDA:56,3,1,5
BRDA:73,4,0,0
BRDA:73,4,1,0
BRDA:75,5,0,0
BRDA:84,6,0,0
BRDA:105,7,0,0
BRDA:139,8,0,0
BRDA:139,8,1,0
BRDA:140,9,0,0
BRDA:140,9,1,0
BRDA:226,10,0,6
BRDA:266,11,0,0
BRDA:266,11,1,0
BRDA:278,12,0,0
BRDA:278,12,1,0
BRDA:343,13,0,0
BRDA:343,13,1,0
BRDA:344,14,0,0
BRDA:344,14,1,0
BRF:24
BRH:7
end_of_record
TN:
SF:app/dashboard/products/packages/page.tsx
FN:55,PackagesPage
FN:60,(anonymous_2)
FN:62,(anonymous_3)
FN:84,(anonymous_6)
FN:114,(anonymous_9)
FN:124,(anonymous_10)
FN:133,(anonymous_11)
FN:143,(anonymous_13)
FN:154,(anonymous_14)
FN:211,(anonymous_15)
FN:214,(anonymous_16)
FNF:11
FNH:0
FNDA:0,PackagesPage
FNDA:0,(anonymous_2)
FNDA:0,(anonymous_3)
FNDA:0,(anonymous_6)
FNDA:0,(anonymous_9)
FNDA:0,(anonymous_10)
FNDA:0,(anonymous_11)
FNDA:0,(anonymous_13)
FNDA:0,(anonymous_14)
FNDA:0,(anonymous_15)
FNDA:0,(anonymous_16)
DA:4,0
DA:6,0
DA:7,0
DA:8,0
DA:9,0
DA:10,0
DA:11,0
DA:12,0
DA:13,0
DA:14,0
DA:19,0
DA:55,0
DA:56,0
DA:57,0
DA:60,0
DA:62,0
DA:67,0
DA:84,0
DA:114,0
DA:124,0
DA:135,0
DA:136,0
DA:144,0
DA:145,0
DA:146,0
DA:155,0
DA:156,0
DA:211,0
DA:214,0
LF:29
LH:0
BRDA:72,0,0,0
BRDA:72,0,1,0
BRDA:169,1,0,0
BRDA:169,1,1,0
BRF:4
BRH:0
end_of_record
TN:
SF:app/dashboard/products/pricing/page.tsx
FN:16,(anonymous_1)
FN:37,(anonymous_2)
FN:44,(anonymous_3)
FN:113,(anonymous_4)
FN:121,(anonymous_5)
FN:124,(anonymous_6)
FN:129,(anonymous_7)
FN:139,(anonymous_8)
FN:149,(anonymous_9)
FN:173,(anonymous_10)
FN:182,(anonymous_11)
FN:185,(anonymous_12)
FN:216,(anonymous_13)
FN:258,(anonymous_14)
FN:268,(anonymous_15)
FNF:15
FNH:0
FNDA:0,(anonymous_1)
FNDA:0,(anonymous_2)
FNDA:0,(anonymous_3)
FNDA:0,(anonymous_4)
FNDA:0,(anonymous_5)
FNDA:0,(anonymous_6)
FNDA:0,(anonymous_7)
FNDA:0,(anonymous_8)
FNDA:0,(anonymous_9)
FNDA:0,(anonymous_10)
FNDA:0,(anonymous_11)
FNDA:0,(anonymous_12)
FNDA:0,(anonymous_13)
FNDA:0,(anonymous_14)
FNDA:0,(anonymous_15)
DA:13,0
DA:16,0
DA:17,0
DA:37,0
DA:39,0
DA:40,0
DA:41,0
DA:44,0
DA:46,0
DA:109,0
DA:113,0
DA:114,0
DA:116,0
DA:117,0
DA:121,0
DA:124,0
DA:125,0
DA:129,0
DA:130,0
DA:131,0
DA:132,0
DA:133,0
DA:134,0
DA:139,0
DA:140,0
DA:141,0
DA:142,0
DA:143,0
DA:144,0
DA:149,0
DA:150,0
DA:173,0
DA:182,0
DA:186,0
DA:217,0
DA:258,0
DA:268,0
DA:290,0
LF:38
LH:0
BRDA:114,0,0,0
BRDA:114,0,1,0
BRDA:116,1,0,0
BRDA:116,1,1,0
BRDA:117,2,0,0
BRDA:117,2,1,0
BRDA:130,3,0,0
BRDA:130,3,1,0
BRDA:130,3,2,0
BRDA:130,3,3,0
BRDA:140,4,0,0
BRDA:140,4,1,0
BRDA:140,4,2,0
BRDA:140,4,3,0
BRDA:150,5,0,0
BRDA:150,5,1,0
BRDA:187,6,0,0
BRDA:187,6,1,0
BRDA:232,7,0,0
BRDA:232,7,1,0
BRDA:267,8,0,0
BRDA:267,8,1,0
BRF:22
BRH:0
end_of_record
TN:
SF:app/dashboard/products/room-packages/page.tsx
FN:52,RoomPackagesPage
FN:60,(anonymous_2)
FN:197,(anonymous_6)
FN:200,(anonymous_7)
FN:218,(anonymous_8)
FN:229,(anonymous_9)
FN:232,(anonymous_10)
FNF:7
FNH:0
FNDA:0,RoomPackagesPage
FNDA:0,(anonymous_2)
FNDA:0,(anonymous_6)
FNDA:0,(anonymous_7)
FNDA:0,(anonymous_8)
FNDA:0,(anonymous_9)
FNDA:0,(anonymous_10)
DA:3,0
DA:4,0
DA:5,0
DA:6,0
DA:7,0
DA:8,0
DA:9,0
DA:10,0
DA:11,0
DA:12,0
DA:13,0
DA:14,0
DA:17,0
DA:52,0
DA:53,0
DA:54,0
DA:60,0
DA:79,0
DA:197,0
DA:200,0
DA:218,0
DA:229,0
DA:232,0
LF:23
LH:0
BRDA:85,0,0,0
BRDA:85,1,0,0
BRDA:85,1,1,0
BRDA:100,2,0,0
BRDA:100,2,1,0
BRDA:102,3,0,0
BRDA:102,3,1,0
BRDA:104,4,0,0
BRDA:104,4,1,0
BRF:9
BRH:0
end_of_record
TN:
SF:app/dashboard/reports/business/page.tsx
FN:54,BusinessReportPage
FN:226,(anonymous_2)
FNF:2
FNH:0
FNDA:0,BusinessReportPage
FNDA:0,(anonymous_2)
DA:3,0
DA:4,0
DA:5,0
DA:6,0
DA:7,0
DA:8,0
DA:9,0
DA:10,0
DA:13,0
DA:54,0
DA:227,0
LF:11
LH:0
BRDA:243,0,0,0
BRDA:243,0,1,0
BRF:2
BRH:0
end_of_record
TN:
SF:app/dashboard/reports/liquor/page.tsx
FN:52,LiquorReportsPage
FN:121,(anonymous_5)
FN:131,(anonymous_6)
FN:136,(anonymous_7)
FN:139,(anonymous_8)
FNF:5
FNH:0
FNDA:0,LiquorReportsPage
FNDA:0,(anonymous_5)
FNDA:0,(anonymous_6)
FNDA:0,(anonymous_7)
FNDA:0,(anonymous_8)
DA:3,0
DA:4,0
DA:5,0
DA:7,0
DA:8,0
DA:9,0
DA:13,0
DA:52,0
DA:53,0
DA:60,0
DA:121,0
DA:131,0
DA:136,0
DA:140,0
LF:14
LH:0
BRDA:75,0,0,0
BRDA:75,0,1,0
BRDA:89,1,0,0
BRDA:89,1,1,0
BRDA:98,2,0,0
BRDA:98,2,1,0
BRF:6
BRH:0
end_of_record
TN:
SF:app/dashboard/reports/members/page.tsx
FN:46,MemberReportsPage
FN:158,(anonymous_6)
FN:164,(anonymous_7)
FNF:3
FNH:0
FNDA:0,MemberReportsPage
FNDA:0,(anonymous_6)
FNDA:0,(anonymous_7)
DA:3,0
DA:4,0
DA:5,0
DA:6,0
DA:7,0
DA:8,0
DA:9,0
DA:10,0
DA:11,0
DA:14,0
DA:37,0
DA:46,0
DA:47,0
DA:158,0
DA:164,0
LF:15
LH:0
BRF:0
BRH:0
end_of_record
TN:
SF:app/dashboard/reports/warehouse/page.tsx
FN:43,WarehouseReportsPage
FN:129,(anonymous_8)
FN:138,(anonymous_9)
FN:149,(anonymous_10)
FN:158,(anonymous_11)
FN:163,(anonymous_12)
FN:166,(anonymous_13)
FNF:7
FNH:0
FNDA:0,WarehouseReportsPage
FNDA:0,(anonymous_8)
FNDA:0,(anonymous_9)
FNDA:0,(anonymous_10)
FNDA:0,(anonymous_11)
FNDA:0,(anonymous_12)
FNDA:0,(anonymous_13)
DA:3,0
DA:4,0
DA:5,0
DA:6,0
DA:7,0
DA:8,0
DA:9,0
DA:12,0
DA:43,0
DA:45,0
DA:54,0
DA:129,0
DA:138,0
DA:149,0
DA:158,0
DA:163,0
DA:168,0
LF:17
LH:0
BRDA:73,0,0,0
BRDA:73,0,1,0
BRDA:75,1,0,0
BRDA:107,2,0,0
BRDA:107,2,1,0
BRF:5
BRH:0
end_of_record
TN:
SF:app/dashboard/sales/bills/page.tsx
FN:58,BillsPage
FN:100,(anonymous_5)
FN:109,(anonymous_6)
FN:119,(anonymous_7)
FN:128,(anonymous_8)
FN:131,(anonymous_10)
FN:134,(anonymous_11)
FN:142,(anonymous_12)
FNF:8
FNH:0
FNDA:0,BillsPage
FNDA:0,(anonymous_5)
FNDA:0,(anonymous_6)
FNDA:0,(anonymous_7)
FNDA:0,(anonymous_8)
FNDA:0,(anonymous_10)
FNDA:0,(anonymous_11)
FNDA:0,(anonymous_12)
DA:3,0
DA:4,0
DA:5,0
DA:6,0
DA:7,0
DA:8,0
DA:9,0
DA:10,0
DA:13,0
DA:58,0
DA:59,0
DA:61,0
DA:100,0
DA:109,0
DA:119,0
DA:128,0
DA:131,0
DA:134,0
DA:142,0
LF:19
LH:0
BRDA:147,0,0,0
BRF:1
BRH:0
end_of_record
TN:
SF:app/dashboard/sales/orders/loading.tsx
FN:1,Loading
FNF:1
FNH:0
FNDA:0,Loading
DA:1,0
DA:2,0
LF:2
LH:0
BRF:0
BRH:0
end_of_record
TN:
SF:app/dashboard/sales/orders/page.tsx
FN:57,OrdersPage
FN:127,(anonymous_2)
FN:200,(anonymous_3)
FNF:3
FNH:2
FNDA:13,OrdersPage
FNDA:0,(anonymous_2)
FNDA:36,(anonymous_3)
DA:3,1
DA:4,1
DA:5,1
DA:6,1
DA:7,1
DA:8,1
DA:9,1
DA:10,1
DA:11,1
DA:14,1
DA:57,1
DA:58,13
DA:127,0
DA:201,36
LF:14
LH:13
BRF:0
BRH:0
end_of_record
TN:
SF:app/dashboard/sales/reservations/page.tsx
FN:54,ReservationsPage
FN:144,(anonymous_7)
FN:154,(anonymous_8)
FN:159,(anonymous_9)
FN:162,(anonymous_10)
FNF:5
FNH:0
FNDA:0,ReservationsPage
FNDA:0,(anonymous_7)
FNDA:0,(anonymous_8)
FNDA:0,(anonymous_9)
FNDA:0,(anonymous_10)
DA:3,0
DA:4,0
DA:5,0
DA:6,0
DA:7,0
DA:8,0
DA:9,0
DA:12,0
DA:54,0
DA:55,0
DA:61,0
DA:144,0
DA:154,0
DA:159,0
DA:164,0
LF:15
LH:0
BRDA:93,0,0,0
BRDA:93,0,1,0
BRDA:102,1,0,0
BRDA:102,1,1,0
BRDA:104,2,0,0
BRDA:104,2,1,0
BRF:6
BRH:0
end_of_record
TN:
SF:app/dashboard/settings/carousel/loading.tsx
FN:1,Loading
FNF:1
FNH:0
FNDA:0,Loading
DA:1,0
LF:1
LH:0
BRF:0
BRH:0
end_of_record
TN:
SF:app/dashboard/settings/carousel/page.tsx
FN:24,CarouselSongsPage
FN:47,(anonymous_2)
FN:52,(anonymous_3)
FN:57,(anonymous_4)
FN:62,(anonymous_5)
FN:63,(anonymous_6)
FN:67,(anonymous_7)
FN:121,(anonymous_8)
FN:148,(anonymous_9)
FN:157,(anonymous_10)
FN:160,(anonymous_11)
FN:232,(anonymous_12)
FN:236,(anonymous_13)
FNF:13
FNH:0
FNDA:0,CarouselSongsPage
FNDA:0,(anonymous_2)
FNDA:0,(anonymous_3)
FNDA:0,(anonymous_4)
FNDA:0,(anonymous_5)
FNDA:0,(anonymous_6)
FNDA:0,(anonymous_7)
FNDA:0,(anonymous_8)
FNDA:0,(anonymous_9)
FNDA:0,(anonymous_10)
FNDA:0,(anonymous_11)
FNDA:0,(anonymous_12)
FNDA:0,(anonymous_13)
DA:3,0
DA:4,0
DA:5,0
DA:6,0
DA:7,0
DA:8,0
DA:9,0
DA:17,0
DA:18,0
DA:19,0
DA:20,0
DA:21,0
DA:24,0
DA:25,0
DA:42,0
DA:43,0
DA:44,0
DA:46,0
DA:48,0
DA:52,0
DA:53,0
DA:54,0
DA:57,0
DA:58,0
DA:59,0
DA:62,0
DA:63,0
DA:64,0
DA:67,0
DA:68,0
DA:73,0
DA:121,0
DA:149,0
DA:157,0
DA:160,0
DA:232,0
DA:237,0
DA:238,0
LF:38
LH:0
BRDA:48,0,0,0
BRDA:48,0,1,0
BRDA:73,1,0,0
BRDA:73,1,1,0
BRDA:177,2,0,0
BRDA:177,2,1,0
BRDA:237,3,0,0
BRDA:237,3,1,0
BRF:8
BRH:0
end_of_record
TN:
SF:app/dashboard/settings/marquee/loading.tsx
FN:1,Loading
FNF:1
FNH:0
FNDA:0,Loading
DA:1,0
LF:1
LH:0
BRF:0
BRH:0
end_of_record
TN:
SF:app/dashboard/settings/marquee/page.tsx
FN:25,MarqueeSettingsPage
FN:58,(anonymous_2)
FN:63,(anonymous_3)
FN:76,(anonymous_4)
FN:89,(anonymous_5)
FN:90,(anonymous_6)
FN:94,(anonymous_7)
FN:96,(anonymous_8)
FN:101,(anonymous_9)
FN:132,(anonymous_10)
FN:162,(anonymous_11)
FN:174,(anonymous_12)
FN:177,(anonymous_13)
FN:180,(anonymous_14)
FN:216,(anonymous_15)
FN:227,(anonymous_16)
FN:235,(anonymous_17)
FN:252,(anonymous_18)
FN:261,(anonymous_19)
FN:268,(anonymous_20)
FN:272,(anonymous_21)
FNF:21
FNH:0
FNDA:0,MarqueeSettingsPage
FNDA:0,(anonymous_2)
FNDA:0,(anonymous_3)
FNDA:0,(anonymous_4)
FNDA:0,(anonymous_5)
FNDA:0,(anonymous_6)
FNDA:0,(anonymous_7)
FNDA:0,(anonymous_8)
FNDA:0,(anonymous_9)
FNDA:0,(anonymous_10)
FNDA:0,(anonymous_11)
FNDA:0,(anonymous_12)
FNDA:0,(anonymous_13)
FNDA:0,(anonymous_14)
FNDA:0,(anonymous_15)
FNDA:0,(anonymous_16)
FNDA:0,(anonymous_17)
FNDA:0,(anonymous_18)
FNDA:0,(anonymous_19)
FNDA:0,(anonymous_20)
FNDA:0,(anonymous_21)
DA:3,0
DA:4,0
DA:5,0
DA:6,0
DA:7,0
DA:8,0
DA:9,0
DA:17,0
DA:18,0
DA:19,0
DA:20,0
DA:21,0
DA:22,0
DA:25,0
DA:26,0
DA:45,0
DA:46,0
DA:47,0
DA:48,0
DA:57,0
DA:59,0
DA:63,0
DA:64,0
DA:65,0
DA:73,0
DA:76,0
DA:77,0
DA:78,0
DA:86,0
DA:89,0
DA:90,0
DA:91,0
DA:94,0
DA:95,0
DA:96,0
DA:98,0
DA:101,0
DA:132,0
DA:163,0
DA:174,0
DA:177,0
DA:180,0
DA:216,0
DA:227,0
DA:235,0
DA:252,0
DA:261,0
DA:268,0
DA:273,0
DA:274,0
DA:275,0
DA:277,0
DA:278,0
LF:53
LH:0
BRDA:59,0,0,0
BRDA:59,0,1,0
BRDA:96,1,0,0
BRDA:96,1,1,0
BRDA:96,2,0,0
BRDA:96,2,1,0
BRDA:102,3,0,0
BRDA:197,4,0,0
BRDA:197,4,1,0
BRDA:273,5,0,0
BRDA:277,6,0,0
BRDA:277,6,1,0
BRF:12
BRH:0
end_of_record
TN:
SF:app/dashboard/settings/printer/page.tsx
FN:46,PrinterSettingsPage
FN:260,(anonymous_4)
FN:263,(anonymous_5)
FN:281,(anonymous_6)
FN:290,(anonymous_7)
FN:299,(anonymous_8)
FN:304,(anonymous_9)
FN:307,(anonymous_10)
FNF:8
FNH:0
FNDA:0,PrinterSettingsPage
FNDA:0,(anonymous_4)
FNDA:0,(anonymous_5)
FNDA:0,(anonymous_6)
FNDA:0,(anonymous_7)
FNDA:0,(anonymous_8)
FNDA:0,(anonymous_9)
FNDA:0,(anonymous_10)
DA:3,0
DA:4,0
DA:5,0
DA:6,0
DA:7,0
DA:8,0
DA:9,0
DA:10,0
DA:11,0
DA:12,0
DA:13,0
DA:14,0
DA:15,0
DA:16,0
DA:19,0
DA:46,0
DA:47,0
DA:48,0
DA:55,0
DA:260,0
DA:263,0
DA:281,0
DA:290,0
DA:299,0
DA:304,0
DA:309,0
LF:26
LH:0
BRDA:65,0,0,0
BRDA:65,0,1,0
BRDA:66,1,0,0
BRDA:82,2,0,0
BRDA:82,2,1,0
BRF:5
BRH:0
end_of_record
TN:
SF:app/dashboard/settings/rounding/loading.tsx
FN:1,Loading
FNF:1
FNH:0
FNDA:0,Loading
DA:1,0
LF:1
LH:0
BRF:0
BRH:0
end_of_record
TN:
SF:app/dashboard/settings/rounding/page.tsx
FN:14,RoundingSettingsPage
FN:29,(anonymous_2)
FN:65,(anonymous_3)
FN:128,(anonymous_4)
FN:175,(anonymous_5)
FN:181,(anonymous_6)
FNF:6
FNH:0
FNDA:0,RoundingSettingsPage
FNDA:0,(anonymous_2)
FNDA:0,(anonymous_3)
FNDA:0,(anonymous_4)
FNDA:0,(anonymous_5)
FNDA:0,(anonymous_6)
DA:3,0
DA:4,0
DA:5,0
DA:6,0
DA:7,0
DA:8,0
DA:9,0
DA:10,0
DA:11,0
DA:14,0
DA:15,0
DA:16,0
DA:29,0
DA:30,0
DA:33,0
DA:66,0
DA:129,0
DA:176,0
DA:181,0
LF:19
LH:0
BRF:0
BRH:0
end_of_record
TN:
SF:app/dashboard/settings/storage/page.tsx
FN:16,(anonymous_4)
FN:42,(anonymous_5)
FN:49,(anonymous_6)
FN:96,(anonymous_7)
FN:194,(anonymous_8)
FNF:5
FNH:0
FNDA:0,(anonymous_4)
FNDA:0,(anonymous_5)
FNDA:0,(anonymous_6)
FNDA:0,(anonymous_7)
FNDA:0,(anonymous_8)
DA:3,1
DA:4,1
DA:5,1
DA:6,1
DA:7,1
DA:8,1
DA:9,1
DA:10,1
DA:11,1
DA:12,1
DA:13,1
DA:16,1
DA:18,0
DA:19,0
DA:20,0
DA:21,0
DA:22,0
DA:23,0
DA:24,0
DA:25,0
DA:28,0
DA:42,0
DA:44,0
DA:45,0
DA:49,0
DA:51,0
DA:52,0
DA:96,0
DA:195,0
DA:340,1
LF:30
LH:13
BRDA:91,0,0,0
BRF:1
BRH:0
end_of_record
TN:
SF:app/dashboard/settings/store/page.tsx
FN:13,StoreSettingsPage
FNF:1
FNH:0
FNDA:0,StoreSettingsPage
DA:3,0
DA:4,0
DA:5,0
DA:6,0
DA:7,0
DA:8,0
DA:9,0
DA:10,0
DA:11,0
DA:13,0
LF:10
LH:0
BRF:0
BRH:0
end_of_record
TN:
SF:app/dashboard/settings/vod/page.tsx
FN:16,VODSettingsPage
FN:51,(anonymous_2)
FN:101,(anonymous_3)
FN:114,(anonymous_4)
FN:129,(anonymous_5)
FN:156,(anonymous_6)
FN:169,(anonymous_7)
FN:182,(anonymous_8)
FN:196,(anonymous_9)
FN:222,(anonymous_10)
FN:235,(anonymous_11)
FN:264,(anonymous_12)
FN:277,(anonymous_13)
FN:303,(anonymous_14)
FN:318,(anonymous_15)
FN:333,(anonymous_16)
FNF:16
FNH:0
FNDA:0,VODSettingsPage
FNDA:0,(anonymous_2)
FNDA:0,(anonymous_3)
FNDA:0,(anonymous_4)
FNDA:0,(anonymous_5)
FNDA:0,(anonymous_6)
FNDA:0,(anonymous_7)
FNDA:0,(anonymous_8)
FNDA:0,(anonymous_9)
FNDA:0,(anonymous_10)
FNDA:0,(anonymous_11)
FNDA:0,(anonymous_12)
FNDA:0,(anonymous_13)
FNDA:0,(anonymous_14)
FNDA:0,(anonymous_15)
FNDA:0,(anonymous_16)
DA:3,0
DA:4,0
DA:5,0
DA:6,0
DA:7,0
DA:8,0
DA:9,0
DA:10,0
DA:11,0
DA:12,0
DA:13,0
DA:16,0
DA:17,0
DA:51,0
DA:53,0
DA:102,0
DA:115,0
DA:130,0
DA:157,0
DA:170,0
DA:183,0
DA:197,0
DA:223,0
DA:236,0
DA:265,0
DA:278,0
DA:304,0
DA:319,0
DA:334,0
LF:29
LH:0
BRF:0
BRH:0
end_of_record
TN:
SF:app/dashboard/warehouse/damage/loading.tsx
FN:1,Loading
FNF:1
FNH:0
FNDA:0,Loading
DA:1,0
DA:2,0
LF:2
LH:0
BRF:0
BRH:0
end_of_record
TN:
SF:app/dashboard/warehouse/damage/page.tsx
FN:14,DamageReportsPage
FN:40,(anonymous_2)
FN:45,(anonymous_3)
FN:50,(anonymous_4)
FN:99,(anonymous_5)
FN:107,(anonymous_6)
FN:115,(anonymous_7)
FN:129,(anonymous_8)
FN:159,(anonymous_9)
FN:171,(anonymous_10)
FN:236,(anonymous_11)
FNF:11
FNH:0
FNDA:0,DamageReportsPage
FNDA:0,(anonymous_2)
FNDA:0,(anonymous_3)
FNDA:0,(anonymous_4)
FNDA:0,(anonymous_5)
FNDA:0,(anonymous_6)
FNDA:0,(anonymous_7)
FNDA:0,(anonymous_8)
FNDA:0,(anonymous_9)
FNDA:0,(anonymous_10)
FNDA:0,(anonymous_11)
DA:3,1
DA:4,1
DA:5,1
DA:6,1
DA:7,1
DA:8,1
DA:9,1
DA:10,1
DA:11,1
DA:14,0
DA:15,0
DA:35,0
DA:36,0
DA:37,0
DA:39,0
DA:41,0
DA:45,0
DA:46,0
DA:47,0
DA:50,0
DA:51,0
DA:56,0
DA:99,0
DA:107,0
DA:115,0
DA:129,0
DA:160,0
DA:171,0
DA:237,0
LF:29
LH:9
BRDA:41,0,0,0
BRDA:41,0,1,0
BRDA:56,1,0,0
BRDA:56,1,1,0
BRDA:174,2,0,0
BRDA:196,3,0,0
BRF:6
BRH:0
end_of_record
TN:
SF:app/dashboard/warehouse/purchase/page.tsx
FN:39,PurchasePage
FN:108,(anonymous_5)
FN:109,(anonymous_6)
FN:117,(anonymous_7)
FN:126,(anonymous_8)
FN:135,(anonymous_9)
FNF:6
FNH:0
FNDA:0,PurchasePage
FNDA:0,(anonymous_5)
FNDA:0,(anonymous_6)
FNDA:0,(anonymous_7)
FNDA:0,(anonymous_8)
FNDA:0,(anonymous_9)
DA:3,0
DA:4,0
DA:5,0
DA:6,0
DA:7,0
DA:8,0
DA:9,0
DA:12,0
DA:39,0
DA:40,0
DA:108,0
DA:109,0
DA:117,0
DA:126,0
DA:135,0
LF:15
LH:0
BRDA:59,0,0,0
BRDA:59,0,1,0
BRF:2
BRH:0
end_of_record
TN:
SF:app/dashboard/warehouse/requisition/loading.tsx
FN:1,Loading
FN:6,(anonymous_2)
FNF:2
FNH:0
FNDA:0,Loading
FNDA:0,(anonymous_2)
DA:1,0
DA:7,0
LF:2
LH:0
BRF:0
BRH:0
end_of_record
TN:
SF:app/dashboard/warehouse/requisition/page.tsx
FN:24,RequisitionPage
FN:52,(anonymous_2)
FN:57,(anonymous_3)
FN:62,(anonymous_4)
FN:84,(anonymous_5)
FN:111,(anonymous_6)
FN:119,(anonymous_7)
FN:127,(anonymous_8)
FN:141,(anonymous_9)
FN:171,(anonymous_10)
FN:183,(anonymous_11)
FN:248,(anonymous_12)
FN:314,(anonymous_13)
FN:318,(anonymous_14)
FNF:14
FNH:0
FNDA:0,RequisitionPage
FNDA:0,(anonymous_2)
FNDA:0,(anonymous_3)
FNDA:0,(anonymous_4)
FNDA:0,(anonymous_5)
FNDA:0,(anonymous_6)
FNDA:0,(anonymous_7)
FNDA:0,(anonymous_8)
FNDA:0,(anonymous_9)
FNDA:0,(anonymous_10)
FNDA:0,(anonymous_11)
FNDA:0,(anonymous_12)
FNDA:0,(anonymous_13)
FNDA:0,(anonymous_14)
DA:3,0
DA:4,0
DA:5,0
DA:6,0
DA:7,0
DA:8,0
DA:9,0
DA:17,0
DA:18,0
DA:19,0
DA:20,0
DA:21,0
DA:24,0
DA:25,0
DA:46,0
DA:47,0
DA:48,0
DA:49,0
DA:51,0
DA:53,0
DA:57,0
DA:58,0
DA:59,0
DA:62,0
DA:63,0
DA:68,0
DA:84,0
DA:111,0
DA:119,0
DA:127,0
DA:141,0
DA:172,0
DA:183,0
DA:249,0
DA:314,0
DA:319,0
DA:320,0
LF:37
LH:0
BRDA:53,0,0,0
BRDA:53,0,1,0
BRDA:68,1,0,0
BRDA:68,1,1,0
BRDA:186,2,0,0
BRDA:208,3,0,0
BRF:6
BRH:0
end_of_record
TN:
SF:app/dashboard/warehouse/stock/loading.tsx
FN:1,Loading
FNF:1
FNH:0
FNDA:0,Loading
DA:1,0
DA:2,0
LF:2
LH:0
BRF:0
BRH:0
end_of_record
TN:
SF:app/dashboard/warehouse/stock/page.tsx
FN:56,StockPage
FN:60,(anonymous_2)
FN:61,(anonymous_3)
FN:62,(anonymous_4)
FN:181,(anonymous_5)
FN:233,(anonymous_6)
FNF:6
FNH:0
FNDA:0,StockPage
FNDA:0,(anonymous_2)
FNDA:0,(anonymous_3)
FNDA:0,(anonymous_4)
FNDA:0,(anonymous_5)
FNDA:0,(anonymous_6)
DA:3,0
DA:4,0
DA:5,0
DA:6,0
DA:7,0
DA:8,0
DA:9,0
DA:10,0
DA:11,0
DA:14,0
DA:56,0
DA:57,0
DA:60,0
DA:61,0
DA:62,0
DA:181,0
DA:234,0
LF:17
LH:0
BRDA:248,0,0,0
BRDA:248,0,1,0
BRDA:255,1,0,0
BRF:3
BRH:0
end_of_record
TN:
SF:app/dashboard/warehouse/storage/page.tsx
FN:49,StoragePage
FN:149,(anonymous_9)
FN:158,(anonymous_10)
FN:163,(anonymous_11)
FN:166,(anonymous_12)
FNF:5
FNH:0
FNDA:0,StoragePage
FNDA:0,(anonymous_9)
FNDA:0,(anonymous_10)
FNDA:0,(anonymous_11)
FNDA:0,(anonymous_12)
DA:3,0
DA:4,0
DA:5,0
DA:6,0
DA:7,0
DA:8,0
DA:9,0
DA:10,0
DA:13,0
DA:49,0
DA:50,0
DA:55,0
DA:149,0
DA:158,0
DA:163,0
DA:166,0
LF:16
LH:0
BRDA:118,0,0,0
BRDA:118,0,1,0
BRDA:118,1,0,0
BRDA:118,1,1,0
BRF:4
BRH:0
end_of_record
TN:
SF:app/dashboard/warehouse/transfer/page.tsx
FN:30,TransferPage
FN:201,(anonymous_7)
FN:223,(anonymous_8)
FN:226,(anonymous_9)
FN:240,(anonymous_10)
FN:249,(anonymous_11)
FN:258,(anonymous_12)
FN:267,(anonymous_13)
FN:270,(anonymous_14)
FNF:9
FNH:0
FNDA:0,TransferPage
FNDA:0,(anonymous_7)
FNDA:0,(anonymous_8)
FNDA:0,(anonymous_9)
FNDA:0,(anonymous_10)
FNDA:0,(anonymous_11)
FNDA:0,(anonymous_12)
FNDA:0,(anonymous_13)
FNDA:0,(anonymous_14)
DA:3,0
DA:4,0
DA:5,0
DA:6,0
DA:7,0
DA:8,0
DA:9,0
DA:10,0
DA:11,0
DA:12,0
DA:13,0
DA:14,0
DA:17,0
DA:30,0
DA:31,0
DA:32,0
DA:34,0
DA:202,0
DA:223,0
DA:226,0
DA:240,0
DA:249,0
DA:258,0
DA:267,0
DA:270,0
LF:25
LH:0
BRDA:194,0,0,0
BRDA:194,0,1,0
BRF:2
BRH:0
end_of_record
TN:
SF:app/mobile/loading.tsx
FN:1,Loading
FNF:1
FNH:0
FNDA:0,Loading
DA:1,0
DA:2,0
LF:2
LH:0
BRF:0
BRH:0
end_of_record
TN:
SF:app/mobile/page.tsx
FN:13,MobilePage
FN:22,(anonymous_2)
FN:70,(anonymous_3)
FN:75,(anonymous_4)
FN:99,(anonymous_5)
FN:125,(anonymous_6)
FN:129,(anonymous_7)
FN:145,(anonymous_8)
FN:170,(anonymous_9)
FN:175,(anonymous_10)
FNF:10
FNH:5
FNDA:6,MobilePage
FNDA:0,(anonymous_2)
FNDA:0,(anonymous_3)
FNDA:0,(anonymous_4)
FNDA:24,(anonymous_5)
FNDA:24,(anonymous_6)
FNDA:0,(anonymous_7)
FNDA:18,(anonymous_8)
FNDA:24,(anonymous_9)
FNDA:0,(anonymous_10)
DA:5,2
DA:6,2
DA:7,2
DA:8,2
DA:9,2
DA:10,2
DA:11,2
DA:13,1
DA:14,6
DA:15,6
DA:22,0
DA:71,0
DA:76,0
DA:77,0
DA:100,24
DA:126,24
DA:129,0
DA:146,18
DA:171,24
DA:175,0
LF:20
LH:14
BRDA:23,0,0,0
BRDA:45,1,0,6
BRF:2
BRH:1
end_of_record
TN:
SF:components/error-boundary.tsx
FN:20,(anonymous_1)
FN:39,(anonymous_2)
FN:25,(anonymous_3)
FN:29,(anonymous_4)
FN:43,(anonymous_5)
FN:70,(anonymous_6)
FNF:6
FNH:0
FNDA:0,(anonymous_1)
FNDA:0,(anonymous_2)
FNDA:0,(anonymous_3)
FNDA:0,(anonymous_4)
FNDA:0,(anonymous_5)
FNDA:0,(anonymous_6)
DA:3,0
DA:4,0
DA:5,0
DA:6,0
DA:19,0
DA:21,0
DA:22,0
DA:26,0
DA:30,0
DA:33,0
DA:40,0
DA:44,0
DA:45,0
DA:46,0
DA:70,0
DA:80,0
LF:16
LH:0
BRDA:33,0,0,0
BRDA:44,1,0,0
BRDA:45,2,0,0
BRDA:60,3,0,0
BRF:4
BRH:0
end_of_record
TN:
SF:components/language-toggle.tsx
FN:12,LanguageToggle
FN:24,(anonymous_2)
FN:27,(anonymous_3)
FNF:3
FNH:0
FNDA:0,LanguageToggle
FNDA:0,(anonymous_2)
FNDA:0,(anonymous_3)
DA:2,0
DA:3,0
DA:4,0
DA:5,0
DA:7,0
DA:12,0
DA:13,0
DA:25,0
DA:27,0
LF:9
LH:0
BRDA:28,0,0,0
BRDA:28,0,1,0
BRF:2
BRH:0
end_of_record
TN:
SF:components/theme-provider.tsx
FN:6,ThemeProvider
FNF:1
FNH:0
FNDA:0,ThemeProvider
DA:4,0
DA:6,0
LF:2
LH:0
BRF:0
BRH:0
end_of_record
TN:
SF:components/theme-toggle.tsx
FN:7,ThemeToggle
FN:20,(anonymous_2)
FN:21,(anonymous_3)
FN:22,(anonymous_4)
FNF:4
FNH:0
FNDA:0,ThemeToggle
FNDA:0,(anonymous_2)
FNDA:0,(anonymous_3)
FNDA:0,(anonymous_4)
DA:2,1
DA:3,1
DA:4,1
DA:5,1
DA:7,6
DA:8,0
DA:20,0
DA:21,0
DA:22,0
LF:9
LH:5
BRF:0
BRH:0
end_of_record
TN:
SF:components/virtual-list.tsx
FN:16,VirtualList
FN:27,(anonymous_2)
FN:51,(anonymous_3)
FNF:3
FNH:0
FNDA:0,VirtualList
FNDA:0,(anonymous_2)
FNDA:0,(anonymous_3)
DA:5,0
DA:16,0
DA:17,0
DA:18,0
DA:20,0
DA:21,0
DA:22,0
DA:24,0
DA:25,0
DA:27,0
DA:28,0
DA:52,0
LF:12
LH:0
BRDA:16,0,0,0
BRF:1
BRH:0
end_of_record
TN:
SF:components/5g/ar-concert-dashboard.tsx
FN:10,ARConcertDashboard
FNF:1
FNH:0
FNDA:0,ARConcertDashboard
DA:3,0
DA:4,0
DA:5,0
DA:6,0
DA:7,0
DA:8,0
DA:10,0
DA:11,0
LF:8
LH:0
BRF:0
BRH:0
end_of_record
TN:
SF:components/5g/ar-control-panel.tsx
FN:13,ARControlPanel
FN:43,(anonymous_2)
FN:54,(anonymous_3)
FNF:3
FNH:1
FNDA:3,ARControlPanel
FNDA:0,(anonymous_2)
FNDA:0,(anonymous_3)
DA:3,1
DA:4,1
DA:5,1
DA:6,1
DA:7,1
DA:8,1
DA:9,1
DA:10,1
DA:11,1
DA:13,2
DA:14,3
DA:15,2
DA:16,2
DA:17,2
DA:18,2
DA:19,2
DA:43,0
DA:54,0
LF:18
LH:16
BRF:0
BRH:0
end_of_record
TN:
SF:components/5g/ar-scene-viewer.tsx
FN:10,ARSceneViewer
FN:16,(anonymous_2)
FN:17,(anonymous_3)
FN:49,(anonymous_4)
FN:54,(anonymous_5)
FN:65,(anonymous_6)
FNF:6
FNH:0
FNDA:0,ARSceneViewer
FNDA:0,(anonymous_2)
FNDA:0,(anonymous_3)
FNDA:0,(anonymous_4)
FNDA:0,(anonymous_5)
FNDA:0,(anonymous_6)
DA:3,0
DA:4,0
DA:5,0
DA:6,0
DA:7,0
DA:8,0
DA:10,0
DA:11,0
DA:12,0
DA:13,0
DA:14,0
DA:16,0
DA:17,0
DA:18,0
DA:20,0
DA:23,0
DA:26,0
DA:33,0
DA:34,0
DA:35,0
DA:36,0
DA:37,0
DA:38,0
DA:41,0
DA:43,0
DA:47,0
DA:49,0
DA:50,0
DA:54,0
DA:55,0
DA:56,0
DA:57,0
DA:59,0
DA:60,0
DA:61,0
DA:65,0
DA:66,0
DA:67,0
DA:69,0
LF:39
LH:0
BRDA:34,0,0,0
BRDA:34,1,0,0
BRDA:34,1,1,0
BRDA:55,2,0,0
BRDA:55,2,1,0
BRDA:80,3,0,0
BRDA:80,3,1,0
BRDA:80,4,0,0
BRDA:80,4,1,0
BRDA:81,5,0,0
BRDA:81,5,1,0
BRDA:81,6,0,0
BRDA:81,6,1,0
BRDA:90,7,0,0
BRDA:104,8,0,0
BRF:15
BRH:0
end_of_record
TN:
SF:components/5g/create-room-dialog.tsx
FN:21,CreateRoomDialog
FN:33,(anonymous_2)
FN:81,(anonymous_3)
FN:90,(anonymous_4)
FN:108,(anonymous_5)
FN:126,(anonymous_6)
FN:144,(anonymous_7)
FN:153,(anonymous_8)
FN:158,(anonymous_9)
FNF:9
FNH:0
FNDA:0,CreateRoomDialog
FNDA:0,(anonymous_2)
FNDA:0,(anonymous_3)
FNDA:0,(anonymous_4)
FNDA:0,(anonymous_5)
FNDA:0,(anonymous_6)
FNDA:0,(anonymous_7)
FNDA:0,(anonymous_8)
FNDA:0,(anonymous_9)
DA:5,0
DA:6,0
DA:7,0
DA:8,0
DA:9,0
DA:10,0
DA:11,0
DA:12,0
DA:13,0
DA:21,0
DA:22,0
DA:23,0
DA:33,0
DA:34,0
DA:36,0
DA:37,0
DA:38,0
DA:41,0
DA:43,0
DA:44,0
DA:45,0
DA:46,0
DA:47,0
DA:50,0
DA:60,0
DA:61,0
DA:63,0
DA:81,0
DA:90,0
DA:108,0
DA:126,0
DA:144,0
DA:153,0
DA:158,0
LF:34
LH:0
BRDA:36,0,0,0
BRDA:162,1,0,0
BRDA:162,1,1,0
BRF:3
BRH:0
end_of_record
TN:
SF:components/5g/video-room-dashboard.tsx
FN:13,VideoRoomDashboard
FN:18,(anonymous_2)
FN:27,(anonymous_3)
FN:32,(anonymous_4)
FN:38,(anonymous_5)
FN:50,(anonymous_6)
FN:64,(anonymous_7)
FN:91,(anonymous_8)
FN:99,(anonymous_9)
FN:108,(anonymous_10)
FN:143,(anonymous_11)
FNF:11
FNH:0
FNDA:0,VideoRoomDashboard
FNDA:0,(anonymous_2)
FNDA:0,(anonymous_3)
FNDA:0,(anonymous_4)
FNDA:0,(anonymous_5)
FNDA:0,(anonymous_6)
FNDA:0,(anonymous_7)
FNDA:0,(anonymous_8)
FNDA:0,(anonymous_9)
FNDA:0,(anonymous_10)
FNDA:0,(anonymous_11)
DA:3,0
DA:4,0
DA:5,0
DA:6,0
DA:7,0
DA:8,0
DA:9,0
DA:10,0
DA:11,0
DA:13,0
DA:14,0
DA:15,0
DA:16,0
DA:18,0
DA:20,0
DA:23,0
DA:24,0
DA:25,0
DA:27,0
DA:28,0
DA:32,0
DA:33,0
DA:34,0
DA:37,0
DA:38,0
DA:50,0
DA:64,0
DA:91,0
DA:100,0
DA:108,0
DA:143,0
LF:31
LH:0
BRDA:37,0,0,0
BRDA:115,1,0,0
BRDA:115,1,1,0
BRDA:116,2,0,0
BRDA:116,2,1,0
BRDA:139,3,0,0
BRF:6
BRH:0
end_of_record
TN:
SF:components/5g/video-room-view.tsx
FN:17,VideoRoomView
FN:26,(anonymous_2)
FN:33,(anonymous_3)
FN:42,(anonymous_4)
FN:49,(anonymous_5)
FN:51,(anonymous_6)
FN:59,(anonymous_7)
FN:72,(anonymous_8)
FN:74,(anonymous_9)
FN:78,(anonymous_10)
FN:87,(anonymous_11)
FN:96,(anonymous_12)
FN:146,(anonymous_13)
FN:155,(anonymous_14)
FN:170,(anonymous_15)
FN:215,(anonymous_16)
FNF:16
FNH:0
FNDA:0,VideoRoomView
FNDA:0,(anonymous_2)
FNDA:0,(anonymous_3)
FNDA:0,(anonymous_4)
FNDA:0,(anonymous_5)
FNDA:0,(anonymous_6)
FNDA:0,(anonymous_7)
FNDA:0,(anonymous_8)
FNDA:0,(anonymous_9)
FNDA:0,(anonymous_10)
FNDA:0,(anonymous_11)
FNDA:0,(anonymous_12)
FNDA:0,(anonymous_13)
FNDA:0,(anonymous_14)
FNDA:0,(anonymous_15)
FNDA:0,(anonymous_16)
DA:3,0
DA:4,0
DA:5,0
DA:6,0
DA:7,0
DA:8,0
DA:9,0
DA:10,0
DA:17,0
DA:18,0
DA:19,0
DA:20,0
DA:21,0
DA:23,0
DA:24,0
DA:26,0
DA:28,0
DA:31,0
DA:33,0
DA:35,0
DA:36,0
DA:38,0
DA:42,0
DA:44,0
DA:45,0
DA:49,0
DA:51,0
DA:52,0
DA:53,0
DA:54,0
DA:59,0
DA:60,0
DA:61,0
DA:62,0
DA:63,0
DA:64,0
DA:66,0
DA:67,0
DA:68,0
DA:72,0
DA:73,0
DA:74,0
DA:78,0
DA:79,0
DA:80,0
DA:81,0
DA:82,0
DA:83,0
DA:87,0
DA:88,0
DA:89,0
DA:90,0
DA:91,0
DA:92,0
DA:96,0
DA:97,0
DA:98,0
DA:99,0
DA:101,0
DA:147,0
DA:156,0
DA:171,0
DA:216,0
LF:63
LH:0
BRDA:35,0,0,0
BRDA:44,1,0,0
BRDA:44,2,0,0
BRDA:44,2,1,0
BRDA:53,3,0,0
BRDA:73,4,0,0
BRDA:79,5,0,0
BRDA:83,6,0,0
BRDA:83,6,1,0
BRDA:88,7,0,0
BRDA:92,8,0,0
BRDA:92,8,1,0
BRDA:97,9,0,0
BRDA:130,10,0,0
BRDA:135,11,0,0
BRDA:156,12,0,0
BRDA:185,13,0,0
BRDA:185,13,1,0
BRDA:189,14,0,0
BRDA:194,15,0,0
BRDA:194,15,1,0
BRDA:198,16,0,0
BRDA:230,17,0,0
BRDA:235,18,0,0
BRF:24
BRH:0
end_of_record
TN:
SF:components/5g/vr-control-panel.tsx
FN:15,VRControlPanel
FN:56,(anonymous_2)
FN:67,(anonymous_3)
FN:79,(anonymous_4)
FN:93,(anonymous_5)
FN:104,(anonymous_6)
FN:116,(anonymous_7)
FN:130,(anonymous_8)
FN:143,(anonymous_9)
FN:152,(anonymous_10)
FNF:10
FNH:0
FNDA:0,VRControlPanel
FNDA:0,(anonymous_2)
FNDA:0,(anonymous_3)
FNDA:0,(anonymous_4)
FNDA:0,(anonymous_5)
FNDA:0,(anonymous_6)
FNDA:0,(anonymous_7)
FNDA:0,(anonymous_8)
FNDA:0,(anonymous_9)
FNDA:0,(anonymous_10)
DA:3,0
DA:4,0
DA:5,0
DA:6,0
DA:7,0
DA:8,0
DA:9,0
DA:15,0
DA:16,0
DA:22,0
DA:28,0
DA:56,0
DA:67,0
DA:79,0
DA:93,0
DA:104,0
DA:116,0
DA:130,0
DA:143,0
DA:152,0
LF:20
LH:0
BRF:0
BRH:0
end_of_record
TN:
SF:components/5g/vr-karaoke-dashboard.tsx
FN:11,VRKaraokeDashboard
FNF:1
FNH:0
FNDA:0,VRKaraokeDashboard
DA:3,0
DA:4,0
DA:5,0
DA:6,0
DA:7,0
DA:8,0
DA:9,0
DA:11,0
DA:12,0
DA:19,0
LF:10
LH:0
BRDA:92,0,0,0
BRF:1
BRH:0
end_of_record
TN:
SF:components/5g/vr-room-selector.tsx
FN:34,VRRoomSelector
FN:73,(anonymous_2)
FN:78,(anonymous_3)
FN:94,(anonymous_4)
FN:105,(anonymous_5)
FN:139,(anonymous_6)
FN:146,(anonymous_7)
FN:168,(anonymous_8)
FN:173,(anonymous_9)
FN:185,(anonymous_10)
FN:191,(anonymous_11)
FNF:11
FNH:0
FNDA:0,VRRoomSelector
FNDA:0,(anonymous_2)
FNDA:0,(anonymous_3)
FNDA:0,(anonymous_4)
FNDA:0,(anonymous_5)
FNDA:0,(anonymous_6)
FNDA:0,(anonymous_7)
FNDA:0,(anonymous_8)
FNDA:0,(anonymous_9)
FNDA:0,(anonymous_10)
FNDA:0,(anonymous_11)
DA:3,0
DA:4,0
DA:5,0
DA:6,0
DA:7,0
DA:15,0
DA:16,0
DA:17,0
DA:18,0
DA:34,0
DA:35,0
DA:65,0
DA:66,0
DA:67,0
DA:73,0
DA:74,0
DA:75,0
DA:78,0
DA:79,0
DA:89,0
DA:90,0
DA:91,0
DA:94,0
DA:95,0
DA:102,0
DA:105,0
DA:106,0
DA:113,0
DA:139,0
DA:146,0
DA:168,0
DA:173,0
DA:186,0
DA:191,0
LF:34
LH:0
BRDA:189,0,0,0
BRDA:189,0,1,0
BRDA:201,1,0,0
BRDA:201,1,1,0
BRF:4
BRH:0
end_of_record
TN:
SF:components/5g/vr-viewer.tsx
FN:12,VRViewer
FN:21,(anonymous_2)
FN:26,(anonymous_3)
FN:27,(anonymous_4)
FN:34,(anonymous_5)
FN:37,(anonymous_6)
FN:41,(anonymous_7)
FN:45,(anonymous_8)
FNF:8
FNH:0
FNDA:0,VRViewer
FNDA:0,(anonymous_2)
FNDA:0,(anonymous_3)
FNDA:0,(anonymous_4)
FNDA:0,(anonymous_5)
FNDA:0,(anonymous_6)
FNDA:0,(anonymous_7)
FNDA:0,(anonymous_8)
DA:3,0
DA:4,0
DA:5,0
DA:6,0
DA:12,0
DA:13,0
DA:14,0
DA:15,0
DA:21,0
DA:23,0
DA:26,0
DA:27,0
DA:34,0
DA:37,0
DA:38,0
DA:41,0
DA:42,0
DA:45,0
DA:46,0
DA:47,0
LF:20
LH:0
BRDA:46,0,0,0
BRDA:86,1,0,0
BRDA:86,1,1,0
BRDA:87,2,0,0
BRDA:87,2,1,0
BRDA:97,3,0,0
BRF:6
BRH:0
end_of_record
TN:
SF:components/ai/anomaly-alert-panel.tsx
FN:11,AnomalyAlertPanel
FN:14,(anonymous_2)
FN:16,(anonymous_3)
FN:23,(anonymous_4)
FN:27,(anonymous_5)
FN:30,(anonymous_6)
FN:43,(anonymous_7)
FN:71,(anonymous_8)
FN:106,(anonymous_9)
FNF:9
FNH:0
FNDA:0,AnomalyAlertPanel
FNDA:0,(anonymous_2)
FNDA:0,(anonymous_3)
FNDA:0,(anonymous_4)
FNDA:0,(anonymous_5)
FNDA:0,(anonymous_6)
FNDA:0,(anonymous_7)
FNDA:0,(anonymous_8)
FNDA:0,(anonymous_9)
DA:3,0
DA:4,0
DA:5,0
DA:6,0
DA:7,0
DA:8,0
DA:9,0
DA:11,0
DA:12,0
DA:14,0
DA:16,0
DA:17,0
DA:18,0
DA:20,0
DA:22,0
DA:23,0
DA:27,0
DA:30,0
DA:31,0
DA:33,0
DA:35,0
DA:37,0
DA:39,0
DA:43,0
DA:44,0
DA:52,0
DA:72,0
DA:107,0
LF:28
LH:0
BRDA:22,0,0,0
BRDA:31,1,0,0
BRDA:31,1,1,0
BRDA:31,1,2,0
BRDA:31,1,3,0
BRDA:44,2,0,0
BRDA:65,3,0,0
BRDA:102,4,0,0
BRF:8
BRH:0
end_of_record
TN:
SF:components/ai/campaign-generator-panel.tsx
FN:15,CampaignGeneratorPanel
FN:54,(anonymous_2)
FN:60,(anonymous_3)
FN:61,(anonymous_4)
FN:101,(anonymous_5)
FN:113,(anonymous_6)
FN:135,(anonymous_7)
FN:149,(anonymous_8)
FN:184,(anonymous_9)
FNF:9
FNH:0
FNDA:0,CampaignGeneratorPanel
FNDA:0,(anonymous_2)
FNDA:0,(anonymous_3)
FNDA:0,(anonymous_4)
FNDA:0,(anonymous_5)
FNDA:0,(anonymous_6)
FNDA:0,(anonymous_7)
FNDA:0,(anonymous_8)
FNDA:0,(anonymous_9)
DA:3,1
DA:4,1
DA:5,1
DA:6,1
DA:7,1
DA:8,1
DA:9,1
DA:10,1
DA:11,1
DA:13,1
DA:15,0
DA:16,0
DA:17,0
DA:18,0
DA:19,0
DA:20,0
DA:21,0
DA:24,0
DA:54,0
DA:55,0
DA:57,0
DA:60,0
DA:61,0
DA:62,0
DA:64,0
DA:70,0
DA:71,0
DA:72,0
DA:102,0
DA:113,0
DA:135,0
DA:149,0
DA:185,0
LF:33
LH:10
BRDA:55,0,0,0
BRDA:62,1,0,0
BRDA:154,2,0,0
BRDA:154,2,1,0
BRDA:155,3,0,0
BRDA:155,3,1,0
BRDA:164,4,0,0
BRF:7
BRH:0
end_of_record
TN:
SF:components/ai/campaign-performance-panel.tsx
FN:21,CampaignPerformancePanel
FN:25,(anonymous_2)
FN:29,(anonymous_3)
FN:87,(anonymous_4)
FN:127,(anonymous_5)
FN:140,(anonymous_6)
FN:180,(anonymous_7)
FN:189,(anonymous_8)
FN:242,(anonymous_9)
FNF:9
FNH:0
FNDA:0,CampaignPerformancePanel
FNDA:0,(anonymous_2)
FNDA:0,(anonymous_3)
FNDA:0,(anonymous_4)
FNDA:0,(anonymous_5)
FNDA:0,(anonymous_6)
FNDA:0,(anonymous_7)
FNDA:0,(anonymous_8)
FNDA:0,(anonymous_9)
DA:3,1
DA:4,1
DA:5,1
DA:6,1
DA:7,1
DA:8,1
DA:9,1
DA:10,0
DA:21,0
DA:22,0
DA:23,0
DA:25,0
DA:26,0
DA:29,0
DA:31,0
DA:83,0
DA:84,0
DA:87,0
DA:88,0
DA:89,0
DA:90,0
DA:91,0
DA:92,0
DA:94,0
DA:97,0
DA:128,0
DA:129,0
DA:140,0
DA:181,0
DA:182,0
DA:189,0
DA:190,0
DA:243,0
LF:33
LH:7
BRDA:97,0,0,0
BRDA:97,0,1,0
BRDA:138,1,0,0
BRDA:138,1,1,0
BRDA:145,2,0,0
BRDA:145,2,1,0
BRDA:146,3,0,0
BRDA:146,3,1,0
BRDA:161,4,0,0
BRDA:161,4,1,0
BRDA:174,5,0,0
BRDA:232,6,0,0
BRDA:232,6,1,0
BRF:13
BRH:0
end_of_record
TN:
SF:components/ai/customer-segment-panel.tsx
FN:11,CustomerSegmentPanel
FN:15,(anonymous_2)
FN:19,(anonymous_3)
FN:22,(anonymous_4)
FN:90,(anonymous_5)
FN:125,(anonymous_6)
FNF:6
FNH:0
FNDA:0,CustomerSegmentPanel
FNDA:0,(anonymous_2)
FNDA:0,(anonymous_3)
FNDA:0,(anonymous_4)
FNDA:0,(anonymous_5)
FNDA:0,(anonymous_6)
DA:3,1
DA:4,1
DA:5,1
DA:6,1
DA:7,1
DA:9,1
DA:11,0
DA:12,0
DA:13,0
DA:15,0
DA:16,0
DA:19,0
DA:20,0
DA:22,0
DA:23,0
DA:79,0
DA:80,0
DA:84,0
DA:91,0
DA:126,0
LF:20
LH:6
BRDA:84,0,0,0
BRDA:104,1,0,0
BRF:2
BRH:0
end_of_record
TN:
SF:components/ai/dynamic-pricing-dashboard.tsx
FN:9,DynamicPricingDashboard
FN:13,(anonymous_2)
FN:17,loadPriceRecommendations
FN:61,(anonymous_4)
FN:106,getRoomTypeName
FNF:5
FNH:0
FNDA:0,DynamicPricingDashboard
FNDA:0,(anonymous_2)
FNDA:0,loadPriceRecommendations
FNDA:0,(anonymous_4)
FNDA:0,getRoomTypeName
DA:3,0
[...]
FNDA:1,(anonymous_3)
FNDA:1,(anonymous_4)
FNDA:0,(anonymous_5)
FNDA:0,(anonymous_6)
FNDA:0,(anonymous_7)
FNDA:0,(anonymous_8)
FNDA:0,(anonymous_9)
FNDA:0,(anonymous_10)
FNDA:0,(anonymous_11)
DA:2,1
DA:18,0
DA:24,1
DA:25,1
DA:27,1
DA:31,0
DA:38,0
DA:39,0
DA:40,0
DA:43,0
DA:52,0
DA:54,0
DA:55,0
DA:56,0
DA:58,0
DA:59,0
DA:61,0
DA:62,0
DA:64,0
DA:65,0
DA:69,0
DA:73,1
LF:22
LH:5
BRDA:24,0,0,1
BRDA:38,1,0,0
BRDA:38,1,1,0
BRDA:52,2,0,0
BRDA:52,2,1,0
BRDA:54,3,0,0
BRDA:55,4,0,0
BRDA:58,5,0,0
BRDA:61,6,0,0
BRDA:64,7,0,0
BRF:10
BRH:1
end_of_record
TN:
SF:lib/security/csrf-protection.ts
FN:9,(anonymous_1)
FN:13,(anonymous_2)
FN:26,(anonymous_3)
FN:42,(anonymous_4)
FN:52,(anonymous_5)
FN:53,(anonymous_6)
FN:55,(anonymous_7)
FN:58,(anonymous_8)
FN:87,(anonymous_9)
FN:88,(anonymous_10)
FNF:10
FNH:0
FNDA:0,(anonymous_1)
FNDA:0,(anonymous_2)
FNDA:0,(anonymous_3)
FNDA:0,(anonymous_4)
FNDA:0,(anonymous_5)
FNDA:0,(anonymous_6)
FNDA:0,(anonymous_7)
FNDA:0,(anonymous_8)
FNDA:0,(anonymous_9)
FNDA:0,(anonymous_10)
DA:1,1
DA:5,0
DA:6,0
DA:11,0
DA:12,0
DA:13,0
DA:15,0
DA:17,0
DA:20,0
DA:22,0
DA:27,0
DA:29,0
DA:30,0
DA:33,0
DA:34,0
DA:35,0
DA:38,0
DA:43,0
DA:44,0
DA:45,0
DA:46,0
DA:53,0
DA:55,0
DA:56,0
DA:57,0
DA:58,0
DA:61,0
DA:62,0
DA:64,0
DA:65,0
DA:73,0
DA:74,0
DA:82,0
DA:88,0
DA:90,0
DA:91,0
DA:94,0
DA:95,0
DA:97,0
DA:98,0
DA:101,0
DA:102,0
DA:103,0
DA:106,0
DA:107,0
DA:110,0
DA:115,0
LF:47
LH:1
BRDA:29,0,0,0
BRDA:33,1,0,0
BRDA:45,2,0,0
BRDA:61,3,0,0
BRDA:61,3,1,0
BRDA:73,4,0,0
BRDA:90,5,0,0
BRDA:95,6,0,0
BRDA:95,6,1,0
BRDA:97,7,0,0
BRDA:97,8,0,0
BRDA:97,8,1,0
BRDA:102,9,0,0
BRF:13
BRH:0
end_of_record
TN:
SF:lib/security/csrf.ts
FN:8,generateCSRFToken
FN:12,validateCSRFToken
FN:23,csrfProtection
FN:24,(anonymous_8)
FNF:4
FNH:0
FNDA:0,generateCSRFToken
FNDA:0,validateCSRFToken
FNDA:0,csrfProtection
FNDA:0,(anonymous_8)
DA:2,0
DA:3,0
DA:5,0
DA:6,0
DA:8,0
DA:9,0
DA:12,0
DA:13,0
DA:14,0
DA:16,0
DA:17,0
DA:20,0
DA:23,0
DA:24,0
DA:26,0
DA:27,0
DA:31,0
DA:32,0
DA:35,0
LF:19
LH:0
BRDA:16,0,0,0
BRDA:16,1,0,0
BRDA:16,1,1,0
BRDA:26,2,0,0
BRDA:31,3,0,0
BRF:5
BRH:0
end_of_record
TN:
SF:lib/security/encryption.ts
FN:13,(anonymous_4)
FN:20,(anonymous_5)
FN:32,(anonymous_6)
FN:47,(anonymous_7)
FNF:4
FNH:0
FNDA:0,(anonymous_4)
FNDA:0,(anonymous_5)
FNDA:0,(anonymous_6)
FNDA:0,(anonymous_7)
DA:2,1
DA:4,1
DA:5,1
DA:6,1
DA:7,1
DA:9,0
DA:16,0
DA:17,0
DA:21,0
DA:22,0
DA:24,0
DA:25,0
DA:27,0
DA:29,0
DA:33,0
DA:34,0
DA:35,0
DA:36,0
DA:38,0
DA:39,0
DA:41,0
DA:42,0
DA:44,0
DA:48,0
DA:53,1
DA:54,1
DA:61,0
DA:63,0
DA:64,0
DA:68,0
DA:71,0
LF:31
LH:7
BRDA:16,0,0,0
BRDA:16,0,1,0
BRDA:53,1,0,1
BRDA:61,2,0,0
BRDA:63,3,0,0
BRF:5
BRH:1
end_of_record
TN:
SF:lib/security/security-scoring.ts
FN:15,(anonymous_3)
FN:48,(anonymous_4)
FN:53,(anonymous_5)
FN:63,(anonymous_6)
FN:78,(anonymous_7)
FN:83,(anonymous_8)
FN:86,(anonymous_9)
FN:93,(anonymous_10)
FN:110,(anonymous_11)
FN:123,(anonymous_12)
FN:132,(anonymous_13)
FN:140,(anonymous_14)
FN:149,(anonymous_15)
FNF:13
FNH:0
FNDA:0,(anonymous_3)
FNDA:0,(anonymous_4)
FNDA:0,(anonymous_5)
FNDA:0,(anonymous_6)
FNDA:0,(anonymous_7)
FNDA:0,(anonymous_8)
FNDA:0,(anonymous_9)
FNDA:0,(anonymous_10)
FNDA:0,(anonymous_11)
FNDA:0,(anonymous_12)
FNDA:0,(anonymous_13)
FNDA:0,(anonymous_14)
FNDA:0,(anonymous_15)
DA:1,0
DA:4,0
DA:5,0
DA:21,0
DA:31,0
DA:32,0
DA:33,0
DA:36,0
DA:37,0
DA:39,0
DA:49,0
DA:52,0
DA:53,0
DA:54,0
DA:56,0
DA:57,0
DA:59,0
DA:64,0
DA:67,0
DA:72,0
DA:74,0
DA:79,0
DA:82,0
DA:83,0
DA:86,0
DA:87,0
DA:89,0
DA:94,0
DA:97,0
DA:98,0
DA:99,0
DA:103,0
DA:104,0
DA:106,0
DA:111,0
DA:114,0
DA:117,0
DA:119,0
DA:124,0
DA:127,0
DA:132,0
DA:134,0
DA:136,0
DA:141,0
DA:142,0
DA:143,0
DA:144,0
DA:145,0
DA:150,0
DA:152,0
DA:153,0
DA:156,0
DA:157,0
DA:160,0
DA:161,0
DA:164,0
DA:165,0
DA:168,0
DA:169,0
DA:172,0
DA:173,0
DA:176,0
DA:180,0
LF:63
LH:0
BRDA:54,0,0,0
BRDA:54,0,1,0
BRDA:56,1,0,0
BRDA:57,2,0,0
BRDA:72,3,0,0
BRDA:83,4,0,0
BRDA:83,4,1,0
BRDA:87,5,0,0
BRDA:98,6,0,0
BRDA:104,7,0,0
BRDA:117,8,0,0
BRDA:134,9,0,0
BRDA:141,10,0,0
BRDA:142,11,0,0
BRDA:143,12,0,0
BRDA:144,13,0,0
BRDA:152,14,0,0
BRDA:156,15,0,0
BRDA:160,16,0,0
BRDA:164,17,0,0
BRDA:168,18,0,0
BRDA:172,19,0,0
BRF:22
BRH:0
end_of_record
TN:
SF:lib/services/ai-recommendation.ts
FN:6,recommendProducts
FN:23,getMemberOrders
FN:29,analyzePreferences
FN:43,collaborativeFiltering
FN:52,generateMarketingSuggestions
FN:84,predictSales
FN:117,generateCustomerServiceReply
FNF:7
FNH:0
FNDA:0,recommendProducts
FNDA:0,getMemberOrders
FNDA:0,analyzePreferences
FNDA:0,collaborativeFiltering
FNDA:0,generateMarketingSuggestions
FNDA:0,predictSales
FNDA:0,generateCustomerServiceReply
DA:6,0
DA:11,0
DA:14,0
DA:17,0
DA:19,0
DA:25,0
DA:35,0
DA:48,0
DA:52,0
DA:61,0
DA:84,0
DA:95,0
DA:96,0
DA:98,0
DA:99,0
DA:100,0
DA:103,0
DA:104,0
DA:106,0
DA:113,0
DA:117,0
DA:119,0
DA:121,0
DA:122,0
DA:125,0
DA:126,0
DA:129,0
DA:130,0
DA:133,0
LF:29
LH:0
BRDA:6,0,0,0
BRDA:86,1,0,0
BRDA:104,2,0,0
BRDA:104,2,1,0
BRDA:104,3,0,0
BRDA:104,3,1,0
BRDA:121,4,0,0
BRDA:121,5,0,0
BRDA:121,5,1,0
BRDA:125,6,0,0
BRDA:125,7,0,0
BRDA:125,7,1,0
BRDA:129,8,0,0
BRDA:129,9,0,0
BRDA:129,9,1,0
BRF:15
BRH:0
end_of_record
TN:
SF:lib/services/analytics.ts
FN:7,getRevenueTrend
FN:16,(anonymous_7)
FN:20,(anonymous_8)
FN:22,(anonymous_9)
FN:22,(anonymous_10)
FN:23,(anonymous_11)
FN:31,getCategorySales
FN:37,(anonymous_13)
FN:38,(anonymous_14)
FN:39,(anonymous_15)
FN:47,(anonymous_16)
FN:50,(anonymous_17)
FN:55,(anonymous_18)
FN:59,getTopProducts
FN:65,(anonymous_20)
FN:66,(anonymous_21)
FN:72,(anonymous_22)
FN:73,(anonymous_23)
FN:76,(anonymous_24)
FN:77,(anonymous_25)
FN:82,getMemberGrowth
FN:91,(anonymous_27)
FN:104,predictRevenue
FN:109,(anonymous_29)
FN:110,(anonymous_30)
FNF:25
FNH:0
FNDA:0,getRevenueTrend
FNDA:0,(anonymous_7)
FNDA:0,(anonymous_8)
FNDA:0,(anonymous_9)
FNDA:0,(anonymous_10)
FNDA:0,(anonymous_11)
FNDA:0,getCategorySales
FNDA:0,(anonymous_13)
FNDA:0,(anonymous_14)
FNDA:0,(anonymous_15)
FNDA:0,(anonymous_16)
FNDA:0,(anonymous_17)
FNDA:0,(anonymous_18)
FNDA:0,getTopProducts
FNDA:0,(anonymous_20)
FNDA:0,(anonymous_21)
FNDA:0,(anonymous_22)
FNDA:0,(anonymous_23)
FNDA:0,(anonymous_24)
FNDA:0,(anonymous_25)
FNDA:0,getMemberGrowth
FNDA:0,(anonymous_27)
FNDA:0,predictRevenue
FNDA:0,(anonymous_29)
FNDA:0,(anonymous_30)
DA:4,0
DA:7,0
DA:8,0
DA:9,0
DA:11,0
DA:12,0
DA:13,0
DA:14,0
DA:16,0
DA:18,0
DA:20,0
DA:22,0
DA:23,0
DA:27,0
DA:31,0
DA:32,0
DA:33,0
DA:35,0
DA:37,0
DA:38,0
DA:39,0
DA:40,0
DA:41,0
DA:42,0
DA:47,0
DA:49,0
DA:50,0
DA:55,0
DA:59,0
DA:60,0
DA:61,0
DA:63,0
DA:65,0
DA:66,0
DA:67,0
DA:71,0
DA:73,0
DA:74,0
DA:76,0
DA:77,0
DA:82,0
DA:83,0
DA:84,0
DA:86,0
DA:87,0
DA:88,0
DA:89,0
DA:91,0
DA:93,0
DA:100,0
DA:104,0
DA:106,0
DA:109,0
DA:110,0
DA:112,0
DA:114,0
DA:115,0
DA:116,0
DA:117,0
DA:119,0
DA:128,0
LF:61
LH:0
BRDA:7,0,0,0
BRDA:8,1,0,0
BRDA:8,1,1,0
BRDA:23,2,0,0
BRDA:23,2,1,0
BRDA:32,3,0,0
BRDA:32,3,1,0
BRDA:33,4,0,0
BRDA:33,4,1,0
BRDA:40,5,0,0
BRDA:41,6,0,0
BRDA:41,6,1,0
BRDA:42,7,0,0
BRDA:42,7,1,0
BRDA:53,8,0,0
BRDA:53,8,1,0
BRDA:59,9,0,0
BRDA:60,10,0,0
BRDA:60,10,1,0
BRDA:61,11,0,0
BRDA:61,11,1,0
BRDA:67,12,0,0
BRDA:67,12,1,0
BRDA:74,13,0,0
BRDA:74,13,1,0
BRDA:82,14,0,0
BRDA:83,15,0,0
BRDA:83,15,1,0
BRDA:104,16,0,0
BRF:29
BRH:0
end_of_record
TN:
SF:lib/services/api-platform.ts
FN:30,generateApiKey
FN:47,verifyApiKey
FN:54,checkApiPermission
FN:59,checkRateLimit
FN:66,logApiCall
FNF:5
FNH:0
FNDA:0,generateApiKey
FNDA:0,verifyApiKey
FNDA:0,checkApiPermission
FNDA:0,checkRateLimit
FNDA:0,logApiCall
DA:3,1
DA:30,0
DA:31,0
DA:32,0
DA:34,0
DA:47,0
DA:50,0
DA:54,0
DA:55,0
DA:59,0
DA:62,0
DA:66,0
DA:68,0
DA:93,1
LF:14
LH:2
BRDA:30,0,0,0
BRDA:50,1,0,0
BRDA:50,1,1,0
BRDA:55,2,0,0
BRDA:55,2,1,0
BRF:5
BRH:0
end_of_record
TN:
SF:lib/services/export.ts
FN:6,exportToExcel
FN:11,(anonymous_11)
FN:11,(anonymous_12)
FN:14,(anonymous_13)
FN:20,exportToCSV
FN:22,(anonymous_15)
FN:22,(anonymous_16)
FN:24,(anonymous_17)
FN:30,downloadFile
FN:42,exportProducts
FN:43,(anonymous_20)
FN:55,exportOrders
FN:56,(anonymous_22)
FN:68,exportMembers
FN:69,(anonymous_24)
FNF:15
FNH:0
FNDA:0,exportToExcel
FNDA:0,(anonymous_11)
FNDA:0,(anonymous_12)
FNDA:0,(anonymous_13)
FNDA:0,exportToCSV
FNDA:0,(anonymous_15)
FNDA:0,(anonymous_16)
FNDA:0,(anonymous_17)
FNDA:0,downloadFile
FNDA:0,exportProducts
FNDA:0,(anonymous_20)
FNDA:0,exportOrders
FNDA:0,(anonymous_22)
FNDA:0,exportMembers
FNDA:0,(anonymous_24)
DA:6,0
DA:10,0
DA:11,0
DA:14,0
DA:16,0
DA:20,0
DA:21,0
DA:22,0
DA:24,0
DA:26,0
DA:30,0
DA:31,0
DA:32,0
DA:33,0
DA:34,0
DA:35,0
DA:36,0
DA:37,0
DA:38,0
DA:42,0
DA:43,0
DA:44,0
DA:46,0
DA:51,0
DA:55,0
DA:56,0
DA:57,0
DA:59,0
DA:64,0
DA:68,0
DA:69,0
DA:70,0
DA:72,0
DA:77,0
LF:34
LH:0
BRDA:10,0,0,0
BRDA:10,0,1,0
BRDA:10,1,0,0
BRDA:10,1,1,0
BRDA:21,2,0,0
BRDA:21,2,1,0
BRDA:21,3,0,0
BRDA:21,3,1,0
BRDA:44,4,0,0
BRDA:44,4,1,0
BRDA:57,5,0,0
BRDA:57,5,1,0
BRDA:70,6,0,0
BRDA:70,6,1,0
BRF:14
BRH:0
end_of_record
TN:
SF:lib/services/import.ts
FN:7,parseCSV
FN:8,(anonymous_6)
FN:11,(anonymous_7)
FN:14,(anonymous_8)
FN:16,(anonymous_9)
FN:17,(anonymous_10)
FN:19,(anonymous_11)
FN:28,(anonymous_12)
FN:34,importProducts
FN:45,(anonymous_14)
FN:106,importMembers
FN:117,(anonymous_16)
FN:176,downloadTemplate
FNF:13
FNH:0
FNDA:0,parseCSV
FNDA:0,(anonymous_6)
FNDA:0,(anonymous_7)
FNDA:0,(anonymous_8)
FNDA:0,(anonymous_9)
FNDA:0,(anonymous_10)
FNDA:0,(anonymous_11)
FNDA:0,(anonymous_12)
FNDA:0,importProducts
FNDA:0,(anonymous_14)
FNDA:0,importMembers
FNDA:0,(anonymous_16)
FNDA:0,downloadTemplate
DA:4,0
DA:7,0
DA:8,0
DA:9,0
DA:11,0
DA:12,0
DA:13,0
DA:14,0
DA:16,0
DA:17,0
DA:18,0
DA:19,0
DA:20,0
DA:22,0
DA:25,0
DA:28,0
DA:29,0
DA:34,0
DA:35,0
DA:41,0
DA:42,0
DA:43,0
DA:45,0
DA:46,0
DA:48,0
DA:49,0
DA:53,0
DA:79,0
DA:80,0
DA:82,0
DA:83,0
DA:92,0
DA:94,0
DA:102,0
DA:106,0
DA:107,0
DA:113,0
DA:114,0
DA:115,0
DA:117,0
DA:118,0
DA:120,0
DA:121,0
DA:125,0
DA:149,0
DA:150,0
DA:152,0
DA:153,0
DA:162,0
DA:164,0
DA:172,0
DA:176,0
DA:177,0
DA:182,0
DA:183,0
DA:184,0
DA:185,0
DA:186,0
DA:187,0
DA:188,0
DA:189,0
DA:190,0
LF:62
LH:0
BRDA:43,0,0,0
BRDA:43,0,1,0
BRDA:48,1,0,0
BRDA:48,2,0,0
BRDA:48,2,1,0
BRDA:56,3,0,0
BRDA:56,3,1,0
BRDA:57,4,0,0
BRDA:57,4,1,0
BRDA:58,5,0,0
BRDA:58,5,1,0
BRDA:59,6,0,0
BRDA:59,6,1,0
BRDA:60,7,0,0
BRDA:60,7,1,0
BRDA:62,8,0,0
BRDA:62,8,1,0
BRDA:63,9,0,0
BRDA:63,9,1,0
BRDA:64,10,0,0
BRDA:64,10,1,0
BRDA:65,11,0,0
BRDA:65,11,1,0
BRDA:115,12,0,0
BRDA:115,12,1,0
BRDA:120,13,0,0
BRDA:120,14,0,0
BRDA:120,14,1,0
BRDA:127,15,0,0
BRDA:127,15,1,0
BRDA:131,16,0,0
BRDA:131,16,1,0
BRDA:133,17,0,0
BRDA:133,17,1,0
BRF:34
BRH:0
end_of_record
TN:
SF:lib/services/notification.ts
FN:7,createNotification
FN:37,getUserNotifications
FN:40,(anonymous_11)
FN:48,markNotificationAsRead
FN:50,(anonymous_13)
FN:62,markAllNotificationsAsRead
FN:65,(anonymous_15)
FN:76,deleteNotification
FN:78,(anonymous_17)
FN:90,broadcastNotification
FN:102,notifyOrderCreated
FN:113,notifyPaymentSuccess
FN:124,notifyLowStock
FNF:13
FNH:0
FNDA:0,createNotification
FNDA:0,getUserNotifications
FNDA:0,(anonymous_11)
FNDA:0,markNotificationAsRead
FNDA:0,(anonymous_13)
FNDA:0,markAllNotificationsAsRead
FNDA:0,(anonymous_15)
FNDA:0,deleteNotification
FNDA:0,(anonymous_17)
FNDA:0,broadcastNotification
FNDA:0,notifyOrderCreated
FNDA:0,notifyPaymentSuccess
FNDA:0,notifyLowStock
DA:3,1
DA:4,1
DA:7,0
DA:14,0
DA:26,0
DA:27,0
DA:28,0
DA:31,0
DA:33,0
DA:37,0
DA:38,0
DA:40,0
DA:41,0
DA:42,0
DA:43,0
DA:48,0
DA:49,0
DA:50,0
DA:52,0
DA:53,0
DA:54,0
DA:55,0
DA:58,0
DA:62,0
DA:63,0
DA:65,0
DA:66,0
DA:67,0
DA:71,0
DA:72,0
DA:76,0
DA:77,0
DA:78,0
DA:80,0
DA:81,0
DA:82,0
DA:83,0
DA:86,0
DA:92,0
DA:93,0
DA:102,0
DA:103,0
DA:113,0
DA:114,0
DA:124,0
DA:125,0
LF:46
LH:2
BRDA:26,0,0,0
BRDA:26,0,1,0
BRDA:37,1,0,0
BRDA:38,2,0,0
BRDA:38,2,1,0
BRDA:41,3,0,0
BRDA:42,4,0,0
BRDA:42,5,0,0
BRDA:42,5,1,0
BRDA:49,6,0,0
BRDA:49,6,1,0
BRDA:52,7,0,0
BRDA:63,8,0,0
BRDA:63,8,1,0
BRDA:66,9,0,0
BRDA:77,10,0,0
BRDA:77,10,1,0
BRDA:80,11,0,0
BRDA:92,12,0,0
BRF:19
BRH:0
end_of_record
TN:
SF:lib/services/payment.ts
FN:20,createPayment
FN:45,generateWechatQRCode
FN:60,generateAlipayQRCode
FN:74,queryPaymentStatus
FN:81,handlePaymentCallback
FN:100,verifyCallbackSignature
FN:107,refundPayment
FNF:7
FNH:0
FNDA:0,createPayment
FNDA:0,generateWechatQRCode
FNDA:0,generateAlipayQRCode
FNDA:0,queryPaymentStatus
FNDA:0,handlePaymentCallback
FNDA:0,verifyCallbackSignature
FNDA:0,refundPayment
DA:3,0
DA:6,0
DA:13,0
DA:20,0
DA:21,0
DA:33,0
DA:34,0
DA:35,0
DA:36,0
DA:37,0
DA:38,0
DA:41,0
DA:47,0
DA:56,0
DA:62,0
DA:70,0
DA:74,0
DA:77,0
DA:81,0
DA:82,0
DA:84,0
DA:85,0
DA:90,0
DA:92,0
DA:94,0
DA:95,0
DA:103,0
DA:107,0
DA:108,0
DA:111,0
DA:113,0
DA:115,0
DA:116,0
LF:33
LH:0
BRDA:7,0,0,0
BRDA:7,0,1,0
BRDA:8,1,0,0
BRDA:8,1,1,0
BRDA:9,2,0,0
BRDA:9,2,1,0
BRDA:14,3,0,0
BRDA:14,3,1,0
BRDA:15,4,0,0
BRDA:15,4,1,0
BRDA:16,5,0,0
BRDA:16,5,1,0
BRDA:33,6,0,0
BRDA:33,6,1,0
BRDA:36,7,0,0
BRDA:84,8,0,0
BRF:16
BRH:0
end_of_record
TN:
SF:lib/services/sync.ts
FN:7,createSyncTask
FN:34,executeSyncTask
FN:36,(anonymous_6)
FN:71,syncProduct
FN:73,(anonymous_8)
FN:93,syncMember
FN:95,(anonymous_10)
FN:102,(anonymous_11)
FN:128,batchSync
FN:147,getSyncRecords
FN:154,(anonymous_14)
FNF:11
FNH:0
FNDA:0,createSyncTask
FNDA:0,executeSyncTask
FNDA:0,(anonymous_6)
FNDA:0,syncProduct
FNDA:0,(anonymous_8)
FNDA:0,syncMember
FNDA:0,(anonymous_10)
FNDA:0,(anonymous_11)
FNDA:0,batchSync
FNDA:0,getSyncRecords
FNDA:0,(anonymous_14)
DA:3,0
DA:4,0
DA:7,0
DA:13,0
DA:23,0
DA:24,0
DA:25,0
DA:28,0
DA:30,0
DA:35,0
DA:36,0
DA:38,0
DA:40,0
DA:42,0
DA:43,0
DA:46,0
DA:48,0
DA:49,0
DA:51,0
DA:52,0
DA:54,0
DA:58,0
DA:59,0
DA:62,0
DA:63,0
DA:64,0
DA:67,0
DA:72,0
DA:73,0
DA:75,0
DA:76,0
DA:80,0
DA:88,0
DA:89,0
DA:94,0
DA:95,0
DA:97,0
DA:98,0
DA:102,0
DA:104,0
DA:106,0
DA:114,0
DA:121,0
DA:124,0
DA:128,0
DA:134,0
DA:136,0
DA:137,0
DA:138,0
DA:139,0
DA:143,0
DA:147,0
DA:152,0
DA:154,0
DA:155,0
DA:156,0
DA:157,0
DA:158,0
LF:58
LH:0
BRDA:23,0,0,0
BRDA:23,0,1,0
BRDA:35,1,0,0
BRDA:35,1,1,0
BRDA:38,2,0,0
BRDA:46,3,0,0
BRDA:46,3,1,0
BRDA:46,3,2,0
BRDA:72,4,0,0
BRDA:72,4,1,0
BRDA:73,5,0,0
BRDA:73,5,1,0
BRDA:75,6,0,0
BRDA:94,7,0,0
BRDA:94,7,1,0
BRDA:95,8,0,0
BRDA:95,8,1,0
BRDA:97,9,0,0
BRDA:102,10,0,0
BRDA:102,10,1,0
BRDA:104,11,0,0
BRDA:104,11,1,0
BRDA:152,12,0,0
BRDA:152,12,1,0
BRDA:155,13,0,0
BRDA:155,14,0,0
BRDA:155,14,1,0
BRDA:156,15,0,0
BRDA:156,16,0,0
BRDA:156,16,1,0
BRDA:157,17,0,0
BRDA:157,18,0,0
BRDA:157,18,1,0
BRF:33
BRH:0
end_of_record
TN:
SF:lib/services/third-party.ts
FN:4,sendSMS
FN:17,sendVerificationCode
FN:26,uploadToCloud
FN:40,sendWechatNotification
FN:53,geocode
FN:63,calculateDistance
FNF:6
FNH:0
FNDA:0,sendSMS
FNDA:0,sendVerificationCode
FNDA:0,uploadToCloud
FNDA:0,sendWechatNotification
FNDA:0,geocode
FNDA:0,calculateDistance
DA:4,0
DA:5,0
DA:8,0
DA:9,0
DA:11,0
DA:12,0
DA:17,0
DA:18,0
DA:19,0
DA:21,0
DA:22,0
DA:26,0
DA:27,0
DA:30,0
DA:31,0
DA:32,0
DA:34,0
DA:35,0
DA:40,0
DA:41,0
DA:44,0
DA:45,0
DA:47,0
DA:48,0
DA:53,0
DA:56,0
DA:63,0
DA:65,0
DA:66,0
DA:67,0
DA:70,0
DA:76,0
DA:77,0
LF:33
LH:0
BRF:0
BRH:0
end_of_record
TN:
SF:lib/store/auth-store.ts
FN:17,(anonymous_1)
FN:45,(anonymous_2)
FN:56,(anonymous_3)
FN:84,(anonymous_4)
FN:93,(anonymous_5)
FN:126,(anonymous_6)
FN:136,(anonymous_7)
FN:139,(anonymous_8)
FN:147,(anonymous_9)
FN:150,(anonymous_10)
FN:155,(anonymous_11)
FNF:11
FNH:1
FNDA:0,(anonymous_1)
FNDA:2,(anonymous_2)
FNDA:0,(anonymous_3)
FNDA:0,(anonymous_4)
FNDA:0,(anonymous_5)
FNDA:0,(anonymous_6)
FNDA:0,(anonymous_7)
FNDA:0,(anonymous_8)
FNDA:0,(anonymous_9)
FNDA:0,(anonymous_10)
FNDA:0,(anonymous_11)
DA:11,2
DA:12,2
DA:14,2
DA:17,2
DA:18,0
DA:19,0
DA:20,0
DA:43,6
DA:45,2
DA:57,0
DA:59,0
DA:60,0
DA:65,0
DA:66,0
DA:67,0
DA:68,0
DA:69,0
DA:72,0
DA:74,0
DA:75,0
DA:77,0
DA:85,0
DA:86,0
DA:94,0
DA:96,0
DA:97,0
DA:98,0
DA:101,0
DA:103,0
DA:104,0
DA:106,0
DA:107,0
DA:109,0
DA:110,0
DA:113,0
DA:114,0
DA:115,0
DA:117,0
DA:127,0
DA:128,0
DA:137,0
DA:138,0
DA:139,0
DA:148,0
DA:149,0
DA:150,0
DA:155,0
LF:47
LH:6
BRDA:18,0,0,0
BRDA:18,0,1,0
BRDA:65,1,0,0
BRDA:65,2,0,0
BRDA:65,2,1,0
BRDA:94,3,0,0
BRDA:94,3,1,0
BRDA:96,4,0,0
BRDA:106,5,0,0
BRDA:106,5,1,0
BRDA:106,6,0,0
BRDA:106,6,1,0
BRDA:128,7,0,0
BRDA:128,7,1,0
BRDA:138,8,0,0
BRDA:149,9,0,0
BRF:16
BRH:0
end_of_record
TN:
SF:lib/types/index.ts
FNF:0
FNH:0
DA:15,1
DA:22,1
DA:141,1
DA:148,1
DA:161,1
DA:168,1
DA:200,1
DA:230,1
DA:277,1
DA:293,1
DA:301,1
DA:368,1
DA:409,1
DA:416,1
LF:14
LH:14
BRF:0
BRH:0
end_of_record
TN:
SF:lib/utils/storage.ts
FN:7,(anonymous_7)
FN:19,(anonymous_8)
FN:34,(anonymous_9)
FN:40,(anonymous_10)
FN:44,(anonymous_11)
FN:52,(anonymous_12)
FN:56,(anonymous_13)
FN:56,(anonymous_14)
FN:64,(anonymous_15)
FN:69,(anonymous_16)
FN:74,(anonymous_17)
FN:76,(anonymous_18)
FN:80,(anonymous_19)
FN:94,(anonymous_20)
FN:96,(anonymous_21)
FN:107,(anonymous_22)
FN:109,(anonymous_23)
FN:118,(anonymous_24)
FN:123,(anonymous_25)
FN:149,(anonymous_26)
FN:157,(anonymous_27)
FN:165,(anonymous_28)
FN:185,(anonymous_29)
FN:186,(anonymous_30)
FN:198,(anonymous_31)
FN:226,(anonymous_32)
FN:231,(anonymous_33)
FN:236,(anonymous_34)
FN:241,(anonymous_35)
FN:246,(anonymous_36)
FN:255,(anonymous_38)
FN:259,(anonymous_39)
FN:272,loadDataFromMockDb
FN:350,initializeMockData
FNF:34
FNH:4
FNDA:2,(anonymous_7)
FNDA:3,(anonymous_8)
FNDA:0,(anonymous_9)
FNDA:0,(anonymous_10)
FNDA:0,(anonymous_11)
FNDA:0,(anonymous_12)
FNDA:0,(anonymous_13)
FNDA:0,(anonymous_14)
FNDA:0,(anonymous_15)
FNDA:0,(anonymous_16)
FNDA:0,(anonymous_17)
FNDA:0,(anonymous_18)
FNDA:0,(anonymous_19)
FNDA:0,(anonymous_20)
FNDA:0,(anonymous_21)
FNDA:0,(anonymous_22)
FNDA:0,(anonymous_23)
FNDA:0,(anonymous_24)
FNDA:0,(anonymous_25)
FNDA:0,(anonymous_26)
FNDA:0,(anonymous_27)
FNDA:0,(anonymous_28)
FNDA:0,(anonymous_29)
FNDA:0,(anonymous_30)
FNDA:0,(anonymous_31)
FNDA:0,(anonymous_32)
FNDA:0,(anonymous_33)
FNDA:0,(anonymous_34)
FNDA:0,(anonymous_35)
FNDA:0,(anonymous_36)
FNDA:3,(anonymous_38)
FNDA:2,(anonymous_39)
FNDA:0,loadDataFromMockDb
FNDA:0,initializeMockData
DA:3,4
DA:5,4
DA:8,2
DA:10,2
DA:11,2
DA:12,2
DA:14,0
DA:20,3
DA:22,3
DA:23,3
DA:24,3
DA:26,2
DA:28,0
DA:29,0
DA:35,0
DA:36,0
DA:41,0
DA:43,0
DA:44,0
DA:45,0
DA:46,0
DA:53,0
DA:55,0
DA:56,0
DA:61,0
DA:65,0
DA:70,0
DA:75,0
DA:76,0
DA:81,0
DA:82,0
DA:87,0
DA:88,0
DA:90,0
DA:95,0
DA:96,0
DA:98,0
DA:100,0
DA:101,0
DA:103,0
DA:108,0
DA:109,0
DA:111,0
DA:113,0
DA:114,0
DA:119,0
DA:133,0
DA:134,0
DA:135,0
DA:136,0
DA:137,0
DA:139,0
DA:150,0
DA:155,4
DA:158,0
DA:159,0
DA:161,0
DA:180,0
DA:181,0
DA:184,0
DA:185,0
DA:186,0
DA:187,0
DA:188,0
DA:189,0
DA:191,0
DA:197,0
DA:198,0
DA:199,0
DA:200,0
DA:201,0
DA:203,0
DA:204,0
DA:205,0
DA:210,0
DA:211,0
DA:212,0
DA:213,0
DA:214,0
DA:215,0
DA:217,0
DA:227,0
DA:228,0
DA:232,0
DA:233,0
DA:237,0
DA:238,0
DA:242,0
DA:243,0
DA:247,0
DA:248,0
DA:252,4
DA:254,8
DA:256,3
DA:260,2
DA:272,0
DA:273,0
DA:275,0
DA:277,0
DA:278,0
DA:279,0
DA:280,0
DA:284,0
DA:287,0
DA:294,0
DA:295,0
DA:298,0
DA:313,0
DA:314,0
DA:341,0
DA:342,0
DA:345,0
DA:350,0
DA:352,0
DA:355,0
DA:356,0
DA:358,0
DA:383,0
LF:118
LH:16
BRDA:8,0,0,0
BRDA:20,1,0,0
BRDA:20,2,0,0
BRDA:20,2,1,0
BRDA:24,3,0,1
BRDA:24,4,0,1
BRDA:24,4,1,0
BRDA:29,5,0,0
BRDA:29,5,1,0
BRDA:35,6,0,0
BRDA:41,7,0,0
BRDA:45,8,0,0
BRDA:53,9,0,0
BRDA:70,10,0,0
BRDA:70,10,1,0
BRDA:76,11,0,0
BRDA:76,11,1,0
BRDA:98,12,0,0
BRDA:111,13,0,0
BRDA:124,14,0,0
BRDA:125,15,0,0
BRDA:158,16,0,0
BRDA:167,17,0,0
BRDA:184,18,0,0
BRDA:188,19,0,0
BRDA:188,20,0,0
BRDA:188,20,1,0
BRDA:197,21,0,0
BRDA:201,22,0,0
BRDA:201,22,1,0
BRDA:203,23,0,0
BRDA:204,24,0,0
BRDA:210,25,0,0
BRDA:210,25,1,0
BRDA:211,26,0,0
BRDA:211,26,1,0
BRDA:256,27,0,3
BRDA:256,27,1,0
BRDA:273,28,0,0
BRDA:278,29,0,0
BRDA:278,30,0,0
BRDA:278,30,1,0
BRDA:319,31,0,0
BRDA:319,31,1,0
BRDA:319,32,0,0
BRDA:319,32,1,0
BRDA:319,33,0,0
BRDA:319,33,1,0
BRDA:319,34,0,0
BRDA:319,34,1,0
BRDA:356,35,0,0
BRDA:356,36,0,0
BRDA:356,36,1,0
BRF:53
BRH:3
end_of_record
TN:
SF:lib/validations/member.ts
FNF:0
FNH:0
DA:3,1
DA:5,1
DA:19,1
LF:3
LH:3
BRF:0
BRH:0
end_of_record
TN:
SF:lib/validations/order.ts
FNF:0
FNH:0
DA:3,0
DA:4,0
DA:6,0
DA:13,0
LF:4
LH:0
BRF:0
BRH:0
end_of_record
TN:
SF:lib/validations/product.ts
FNF:0
FNH:0
DA:3,4
DA:5,18
DA:29,4
DA:37,4
LF:4
LH:4
BRF:0
BRH:0
end_of_record
